<!DOCTYPE html>
<html>
  <head>
    <meta charset="utf-8"/>
    <title id="head-title">report.html</title>
      <link href="assets/style.css" rel="stylesheet" type="text/css"/>
  </head>
  <body>
    <h1 id="title">report.html</h1>
    <p>Report generated on 30-Sep-2024 at 10:20:58 by <a href="https://pypi.python.org/pypi/pytest-html">pytest-html</a>
        v4.1.1</p>
    <div id="environment-header">
      <h2>Environment</h2>
    </div>
    <table id="environment"></table>
    <!-- TEMPLATES -->
      <template id="template_environment_row">
      <tr>
        <td></td>
        <td></td>
      </tr>
    </template>
    <template id="template_results-table__body--empty">
      <tbody class="results-table-row">
        <tr id="not-found-message">
          <td colspan="4">No results found. Check the filters.</th>
        </tr>
    </template>
    <template id="template_results-table__tbody">
      <tbody class="results-table-row">
        <tr class="collapsible">
        </tr>
        <tr class="extras-row">
          <td class="extra" colspan="4">
            <div class="extraHTML"></div>
            <div class="media">
              <div class="media-container">
                  <div class="media-container__nav--left"><</div>
                  <div class="media-container__viewport">
                    <img src="" />
                    <video controls>
                      <source src="" type="video/mp4">
                    </video>
                  </div>
                  <div class="media-container__nav--right">></div>
                </div>
                <div class="media__name"></div>
                <div class="media__counter"></div>
            </div>
            <div class="logwrapper">
              <div class="logexpander"></div>
              <div class="log"></div>
            </div>
          </td>
        </tr>
      </tbody>
    </template>
    <!-- END TEMPLATES -->
    <div class="summary">
      <div class="summary__data">
        <h2>Summary</h2>
        <div class="additional-summary prefix">
        </div>
        <p class="run-count">59 tests took 00:00:06.</p>
        <p class="filter">(Un)check the boxes to filter the results.</p>
        <div class="summary__reload">
          <div class="summary__reload__button hidden" onclick="location.reload()">
            <div>There are still tests running. <br />Reload this page to get the latest results!</div>
          </div>
        </div>
        <div class="summary__spacer"></div>
        <div class="controls">
          <div class="filters">
            <input checked="true" class="filter" name="filter_checkbox" type="checkbox" data-test-result="failed" disabled/>
            <span class="failed">0 Failed,</span>
            <input checked="true" class="filter" name="filter_checkbox" type="checkbox" data-test-result="passed" />
            <span class="passed">59 Passed,</span>
            <input checked="true" class="filter" name="filter_checkbox" type="checkbox" data-test-result="skipped" disabled/>
            <span class="skipped">0 Skipped,</span>
            <input checked="true" class="filter" name="filter_checkbox" type="checkbox" data-test-result="xfailed" disabled/>
            <span class="xfailed">0 Expected failures,</span>
            <input checked="true" class="filter" name="filter_checkbox" type="checkbox" data-test-result="xpassed" disabled/>
            <span class="xpassed">0 Unexpected passes,</span>
            <input checked="true" class="filter" name="filter_checkbox" type="checkbox" data-test-result="error" disabled/>
            <span class="error">0 Errors,</span>
            <input checked="true" class="filter" name="filter_checkbox" type="checkbox" data-test-result="rerun" disabled/>
            <span class="rerun">0 Reruns</span>
          </div>
          <div class="collapse">
            <button id="show_all_details">Show all details</button>&nbsp;/&nbsp;<button id="hide_all_details">Hide all details</button>
          </div>
        </div>
      </div>
      <div class="additional-summary summary">
      </div>
      <div class="additional-summary postfix">
      </div>
    </div>
    <table id="results-table">
      <thead id="results-table-head">
        <tr>
          <th class="sortable" data-column-type="result">Result</th>
          <th class="sortable" data-column-type="testId">Test</th>
          <th class="sortable" data-column-type="duration">Duration</th>
          <th>Links</th>
        </tr>
      </thead>
    </table>
  </body>
  <footer>
    <div id="data-container" data-jsonblob="{&#34;environment&#34;: {&#34;Python&#34;: &#34;3.11.10&#34;, &#34;Platform&#34;: &#34;Linux-6.8.0-1014-azure-x86_64-with-glibc2.35&#34;, &#34;Packages&#34;: {&#34;pytest&#34;: &#34;8.3.3&#34;, &#34;pluggy&#34;: &#34;1.5.0&#34;}, &#34;Plugins&#34;: {&#34;metadata&#34;: &#34;3.1.1&#34;, &#34;cases&#34;: &#34;3.8.6&#34;, &#34;html&#34;: &#34;4.1.1&#34;, &#34;harvest&#34;: &#34;0.1.dev1+gcfc69e5&#34;}, &#34;CI&#34;: &#34;true&#34;, &#34;JAVA_HOME&#34;: &#34;/usr/lib/jvm/temurin-11-jdk-amd64&#34;}, &#34;tests&#34;: {&#34;tests/test_all_raw_with_meta_check.py::test_run_all_tests[test_saved_fixture_session_module.py]&#34;: [{&#34;extras&#34;: [], &#34;result&#34;: &#34;Passed&#34;, &#34;testId&#34;: &#34;tests/test_all_raw_with_meta_check.py::test_run_all_tests[test_saved_fixture_session_module.py]&#34;, &#34;duration&#34;: &#34;185 ms&#34;, &#34;resultsTableRow&#34;: [&#34;&lt;td class=\&#34;col-result\&#34;&gt;Passed&lt;/td&gt;&#34;, &#34;&lt;td class=\&#34;col-testId\&#34;&gt;tests/test_all_raw_with_meta_check.py::test_run_all_tests[test_saved_fixture_session_module.py]&lt;/td&gt;&#34;, &#34;&lt;td class=\&#34;col-duration\&#34;&gt;185 ms&lt;/td&gt;&#34;, &#34;&lt;td class=\&#34;col-links\&#34;&gt;&lt;/td&gt;&#34;], &#34;log&#34;: &#34;----------------------------- Captured stdout call -----------------------------\n\nTesting in tmp folder &amp;#x27;/tmp/pytest-of-runner/pytest-0/test_run_all_tests0&amp;#x27; that running pytest on file &amp;#x27;test_saved_fixture_session_module.py&amp;#x27; results in {&amp;#x27;passed&amp;#x27;: 3, &amp;#x27;failed&amp;#x27;: 0}\n============================= test session starts ==============================\nplatform linux -- Python 3.11.10, pytest-8.3.3, pluggy-1.5.0 -- /home/runner/work/python-pytest-harvest/python-pytest-harvest/.nox/tests-3-11-env-pytest-latest/bin/python\ncachedir: .pytest_cache\nmetadata: {&amp;#x27;Python&amp;#x27;: &amp;#x27;3.11.10&amp;#x27;, &amp;#x27;Platform&amp;#x27;: &amp;#x27;Linux-6.8.0-1014-azure-x86_64-with-glibc2.35&amp;#x27;, &amp;#x27;Packages&amp;#x27;: {&amp;#x27;pytest&amp;#x27;: &amp;#x27;8.3.3&amp;#x27;, &amp;#x27;pluggy&amp;#x27;: &amp;#x27;1.5.0&amp;#x27;}, &amp;#x27;Plugins&amp;#x27;: {&amp;#x27;metadata&amp;#x27;: &amp;#x27;3.1.1&amp;#x27;, &amp;#x27;cases&amp;#x27;: &amp;#x27;3.8.6&amp;#x27;, &amp;#x27;html&amp;#x27;: &amp;#x27;4.1.1&amp;#x27;, &amp;#x27;harvest&amp;#x27;: &amp;#x27;0.1.dev1+gcfc69e5&amp;#x27;, &amp;#x27;typeguard&amp;#x27;: &amp;#x27;4.3.0&amp;#x27;}, &amp;#x27;CI&amp;#x27;: &amp;#x27;true&amp;#x27;, &amp;#x27;JAVA_HOME&amp;#x27;: &amp;#x27;/usr/lib/jvm/temurin-11-jdk-amd64&amp;#x27;}\nrootdir: /tmp/pytest-of-runner/pytest-0/test_run_all_tests0\nconfigfile: pytest.ini\nplugins: metadata-3.1.1, cases-3.8.6, html-4.1.1, harvest-0.1.dev1+gcfc69e5, typeguard-4.3.0\ncollecting ... collected 3 items\n\ntest_run_all_tests.py::test_foo PASSED                                   [ 33%]\ntest_run_all_tests.py::test_bar PASSED                                   [ 66%]\ntest_run_all_tests.py::test_synthesis PASSED                             [100%]\n\n============================== 3 passed in 0.02s ===============================\n&#34;}], &#34;tests/test_all_raw_with_meta_check.py::test_run_all_tests[test_default_fixtures.py]&#34;: [{&#34;extras&#34;: [], &#34;result&#34;: &#34;Passed&#34;, &#34;testId&#34;: &#34;tests/test_all_raw_with_meta_check.py::test_run_all_tests[test_default_fixtures.py]&#34;, &#34;duration&#34;: &#34;131 ms&#34;, &#34;resultsTableRow&#34;: [&#34;&lt;td class=\&#34;col-result\&#34;&gt;Passed&lt;/td&gt;&#34;, &#34;&lt;td class=\&#34;col-testId\&#34;&gt;tests/test_all_raw_with_meta_check.py::test_run_all_tests[test_default_fixtures.py]&lt;/td&gt;&#34;, &#34;&lt;td class=\&#34;col-duration\&#34;&gt;131 ms&lt;/td&gt;&#34;, &#34;&lt;td class=\&#34;col-links\&#34;&gt;&lt;/td&gt;&#34;], &#34;log&#34;: &#34;----------------------------- Captured stdout call -----------------------------\n\nTesting in tmp folder &amp;#x27;/tmp/pytest-of-runner/pytest-0/test_run_all_tests1&amp;#x27; that running pytest on file &amp;#x27;test_default_fixtures.py&amp;#x27; results in {&amp;#x27;passed&amp;#x27;: 8, &amp;#x27;skipped&amp;#x27;: 0, &amp;#x27;failed&amp;#x27;: 0}\n============================= test session starts ==============================\nplatform linux -- Python 3.11.10, pytest-8.3.3, pluggy-1.5.0 -- /home/runner/work/python-pytest-harvest/python-pytest-harvest/.nox/tests-3-11-env-pytest-latest/bin/python\ncachedir: .pytest_cache\nmetadata: {&amp;#x27;Python&amp;#x27;: &amp;#x27;3.11.10&amp;#x27;, &amp;#x27;Platform&amp;#x27;: &amp;#x27;Linux-6.8.0-1014-azure-x86_64-with-glibc2.35&amp;#x27;, &amp;#x27;Packages&amp;#x27;: {&amp;#x27;pytest&amp;#x27;: &amp;#x27;8.3.3&amp;#x27;, &amp;#x27;pluggy&amp;#x27;: &amp;#x27;1.5.0&amp;#x27;}, &amp;#x27;Plugins&amp;#x27;: {&amp;#x27;metadata&amp;#x27;: &amp;#x27;3.1.1&amp;#x27;, &amp;#x27;cases&amp;#x27;: &amp;#x27;3.8.6&amp;#x27;, &amp;#x27;html&amp;#x27;: &amp;#x27;4.1.1&amp;#x27;, &amp;#x27;harvest&amp;#x27;: &amp;#x27;0.1.dev1+gcfc69e5&amp;#x27;, &amp;#x27;typeguard&amp;#x27;: &amp;#x27;4.3.0&amp;#x27;}, &amp;#x27;CI&amp;#x27;: &amp;#x27;true&amp;#x27;, &amp;#x27;JAVA_HOME&amp;#x27;: &amp;#x27;/usr/lib/jvm/temurin-11-jdk-amd64&amp;#x27;}\nrootdir: /tmp/pytest-of-runner/pytest-0/test_run_all_tests1\nconfigfile: pytest.ini\nplugins: metadata-3.1.1, cases-3.8.6, html-4.1.1, harvest-0.1.dev1+gcfc69e5, typeguard-4.3.0\ncollecting ... collected 8 items\n\ntest_run_all_tests.py::test_foo[1-hello] PASSED                          [ 12%]\ntest_run_all_tests.py::test_foo[1-world] PASSED                          [ 25%]\ntest_run_all_tests.py::test_foo[2-hello] PASSED                          [ 37%]\ntest_run_all_tests.py::test_foo[2-world] PASSED                          [ 50%]\ntest_run_all_tests.py::test_synthesis_default_module_dct PASSED          [ 62%]\ntest_run_all_tests.py::test_synthesis_default_module_df PASSED           [ 75%]\ntest_run_all_tests.py::test_synthesis_default_session_dct PASSED         [ 87%]\ntest_run_all_tests.py::test_synthesis_default_session_df PASSED          [100%]\n\n============================== 8 passed in 0.04s ===============================\n&#34;}], &#34;tests/test_all_raw_with_meta_check.py::test_run_all_tests[test_get_session_results_indirect_and_noparam.py]&#34;: [{&#34;extras&#34;: [], &#34;result&#34;: &#34;Passed&#34;, &#34;testId&#34;: &#34;tests/test_all_raw_with_meta_check.py::test_run_all_tests[test_get_session_results_indirect_and_noparam.py]&#34;, &#34;duration&#34;: &#34;114 ms&#34;, &#34;resultsTableRow&#34;: [&#34;&lt;td class=\&#34;col-result\&#34;&gt;Passed&lt;/td&gt;&#34;, &#34;&lt;td class=\&#34;col-testId\&#34;&gt;tests/test_all_raw_with_meta_check.py::test_run_all_tests[test_get_session_results_indirect_and_noparam.py]&lt;/td&gt;&#34;, &#34;&lt;td class=\&#34;col-duration\&#34;&gt;114 ms&lt;/td&gt;&#34;, &#34;&lt;td class=\&#34;col-links\&#34;&gt;&lt;/td&gt;&#34;], &#34;log&#34;: &#34;----------------------------- Captured stdout call -----------------------------\n\nTesting in tmp folder &amp;#x27;/tmp/pytest-of-runner/pytest-0/test_run_all_tests2&amp;#x27; that running pytest on file &amp;#x27;test_get_session_results_indirect_and_noparam.py&amp;#x27; results in {&amp;#x27;passed&amp;#x27;: 5, &amp;#x27;skipped&amp;#x27;: 0, &amp;#x27;failed&amp;#x27;: 0}\n============================= test session starts ==============================\nplatform linux -- Python 3.11.10, pytest-8.3.3, pluggy-1.5.0 -- /home/runner/work/python-pytest-harvest/python-pytest-harvest/.nox/tests-3-11-env-pytest-latest/bin/python\ncachedir: .pytest_cache\nmetadata: {&amp;#x27;Python&amp;#x27;: &amp;#x27;3.11.10&amp;#x27;, &amp;#x27;Platform&amp;#x27;: &amp;#x27;Linux-6.8.0-1014-azure-x86_64-with-glibc2.35&amp;#x27;, &amp;#x27;Packages&amp;#x27;: {&amp;#x27;pytest&amp;#x27;: &amp;#x27;8.3.3&amp;#x27;, &amp;#x27;pluggy&amp;#x27;: &amp;#x27;1.5.0&amp;#x27;}, &amp;#x27;Plugins&amp;#x27;: {&amp;#x27;metadata&amp;#x27;: &amp;#x27;3.1.1&amp;#x27;, &amp;#x27;cases&amp;#x27;: &amp;#x27;3.8.6&amp;#x27;, &amp;#x27;html&amp;#x27;: &amp;#x27;4.1.1&amp;#x27;, &amp;#x27;harvest&amp;#x27;: &amp;#x27;0.1.dev1+gcfc69e5&amp;#x27;, &amp;#x27;typeguard&amp;#x27;: &amp;#x27;4.3.0&amp;#x27;}, &amp;#x27;CI&amp;#x27;: &amp;#x27;true&amp;#x27;, &amp;#x27;JAVA_HOME&amp;#x27;: &amp;#x27;/usr/lib/jvm/temurin-11-jdk-amd64&amp;#x27;}\nrootdir: /tmp/pytest-of-runner/pytest-0/test_run_all_tests2\nconfigfile: pytest.ini\nplugins: metadata-3.1.1, cases-3.8.6, html-4.1.1, harvest-0.1.dev1+gcfc69e5, typeguard-4.3.0\ncollecting ... collected 5 items\n\ntest_run_all_tests.py::test_foo[1] PASSED                                [ 20%]\ntest_run_all_tests.py::test_foo[2] PASSED                                [ 40%]\ntest_run_all_tests.py::test_get_all_pytest_fixture_names_indirect PASSED [ 60%]\ntest_run_all_tests.py::test_foo2 PASSED                                  [ 80%]\ntest_run_all_tests.py::test_get_all_pytest_fixture_names_no_param PASSED [100%]\n\n============================== 5 passed in 0.02s ===============================\n&#34;}], &#34;tests/test_all_raw_with_meta_check.py::test_run_all_tests[test_all_together.py]&#34;: [{&#34;extras&#34;: [], &#34;result&#34;: &#34;Passed&#34;, &#34;testId&#34;: &#34;tests/test_all_raw_with_meta_check.py::test_run_all_tests[test_all_together.py]&#34;, &#34;duration&#34;: &#34;135 ms&#34;, &#34;resultsTableRow&#34;: [&#34;&lt;td class=\&#34;col-result\&#34;&gt;Passed&lt;/td&gt;&#34;, &#34;&lt;td class=\&#34;col-testId\&#34;&gt;tests/test_all_raw_with_meta_check.py::test_run_all_tests[test_all_together.py]&lt;/td&gt;&#34;, &#34;&lt;td class=\&#34;col-duration\&#34;&gt;135 ms&lt;/td&gt;&#34;, &#34;&lt;td class=\&#34;col-links\&#34;&gt;&lt;/td&gt;&#34;], &#34;log&#34;: &#34;----------------------------- Captured stdout call -----------------------------\n\nTesting in tmp folder &amp;#x27;/tmp/pytest-of-runner/pytest-0/test_run_all_tests3&amp;#x27; that running pytest on file &amp;#x27;test_all_together.py&amp;#x27; results in {&amp;#x27;passed&amp;#x27;: 9, &amp;#x27;skipped&amp;#x27;: 0, &amp;#x27;failed&amp;#x27;: 0}\n============================= test session starts ==============================\nplatform linux -- Python 3.11.10, pytest-8.3.3, pluggy-1.5.0 -- /home/runner/work/python-pytest-harvest/python-pytest-harvest/.nox/tests-3-11-env-pytest-latest/bin/python\ncachedir: .pytest_cache\nmetadata: {&amp;#x27;Python&amp;#x27;: &amp;#x27;3.11.10&amp;#x27;, &amp;#x27;Platform&amp;#x27;: &amp;#x27;Linux-6.8.0-1014-azure-x86_64-with-glibc2.35&amp;#x27;, &amp;#x27;Packages&amp;#x27;: {&amp;#x27;pytest&amp;#x27;: &amp;#x27;8.3.3&amp;#x27;, &amp;#x27;pluggy&amp;#x27;: &amp;#x27;1.5.0&amp;#x27;}, &amp;#x27;Plugins&amp;#x27;: {&amp;#x27;metadata&amp;#x27;: &amp;#x27;3.1.1&amp;#x27;, &amp;#x27;cases&amp;#x27;: &amp;#x27;3.8.6&amp;#x27;, &amp;#x27;html&amp;#x27;: &amp;#x27;4.1.1&amp;#x27;, &amp;#x27;harvest&amp;#x27;: &amp;#x27;0.1.dev1+gcfc69e5&amp;#x27;, &amp;#x27;typeguard&amp;#x27;: &amp;#x27;4.3.0&amp;#x27;}, &amp;#x27;CI&amp;#x27;: &amp;#x27;true&amp;#x27;, &amp;#x27;JAVA_HOME&amp;#x27;: &amp;#x27;/usr/lib/jvm/temurin-11-jdk-amd64&amp;#x27;}\nrootdir: /tmp/pytest-of-runner/pytest-0/test_run_all_tests3\nconfigfile: pytest.ini\nplugins: metadata-3.1.1, cases-3.8.6, html-4.1.1, harvest-0.1.dev1+gcfc69e5, typeguard-4.3.0\ncollecting ... collected 9 items\n\ntest_run_all_tests.py::test_complete[A-p=10] PASSED                      [ 11%]\ntest_run_all_tests.py::test_complete[A-p=20] PASSED                      [ 22%]\ntest_run_all_tests.py::test_complete[B-p=10] PASSED                      [ 33%]\ntest_run_all_tests.py::test_complete[B-p=20] PASSED                      [ 44%]\ntest_run_all_tests.py::test_complete[C-p=10] PASSED                      [ 55%]\ntest_run_all_tests.py::test_complete[C-p=20] PASSED                      [ 66%]\ntest_run_all_tests.py::test_synthesis[False-None] PASSED                 [ 77%]\ntest_run_all_tests.py::test_synthesis[True-None] PASSED                  [ 88%]\ntest_run_all_tests.py::test_synthesis[True-my_results] PASSED            [100%]\n\n============================== 9 passed in 0.04s ===============================\n&#34;}], &#34;tests/test_all_raw_with_meta_check.py::test_run_all_tests[test_results_bags.py]&#34;: [{&#34;extras&#34;: [], &#34;result&#34;: &#34;Passed&#34;, &#34;testId&#34;: &#34;tests/test_all_raw_with_meta_check.py::test_run_all_tests[test_results_bags.py]&#34;, &#34;duration&#34;: &#34;121 ms&#34;, &#34;resultsTableRow&#34;: [&#34;&lt;td class=\&#34;col-result\&#34;&gt;Passed&lt;/td&gt;&#34;, &#34;&lt;td class=\&#34;col-testId\&#34;&gt;tests/test_all_raw_with_meta_check.py::test_run_all_tests[test_results_bags.py]&lt;/td&gt;&#34;, &#34;&lt;td class=\&#34;col-duration\&#34;&gt;121 ms&lt;/td&gt;&#34;, &#34;&lt;td class=\&#34;col-links\&#34;&gt;&lt;/td&gt;&#34;], &#34;log&#34;: &#34;----------------------------- Captured stdout call -----------------------------\n\nTesting in tmp folder &amp;#x27;/tmp/pytest-of-runner/pytest-0/test_run_all_tests4&amp;#x27; that running pytest on file &amp;#x27;test_results_bags.py&amp;#x27; results in {&amp;#x27;passed&amp;#x27;: 6, &amp;#x27;skipped&amp;#x27;: 0, &amp;#x27;failed&amp;#x27;: 0}\n============================= test session starts ==============================\nplatform linux -- Python 3.11.10, pytest-8.3.3, pluggy-1.5.0 -- /home/runner/work/python-pytest-harvest/python-pytest-harvest/.nox/tests-3-11-env-pytest-latest/bin/python\ncachedir: .pytest_cache\nmetadata: {&amp;#x27;Python&amp;#x27;: &amp;#x27;3.11.10&amp;#x27;, &amp;#x27;Platform&amp;#x27;: &amp;#x27;Linux-6.8.0-1014-azure-x86_64-with-glibc2.35&amp;#x27;, &amp;#x27;Packages&amp;#x27;: {&amp;#x27;pytest&amp;#x27;: &amp;#x27;8.3.3&amp;#x27;, &amp;#x27;pluggy&amp;#x27;: &amp;#x27;1.5.0&amp;#x27;}, &amp;#x27;Plugins&amp;#x27;: {&amp;#x27;metadata&amp;#x27;: &amp;#x27;3.1.1&amp;#x27;, &amp;#x27;cases&amp;#x27;: &amp;#x27;3.8.6&amp;#x27;, &amp;#x27;html&amp;#x27;: &amp;#x27;4.1.1&amp;#x27;, &amp;#x27;harvest&amp;#x27;: &amp;#x27;0.1.dev1+gcfc69e5&amp;#x27;, &amp;#x27;typeguard&amp;#x27;: &amp;#x27;4.3.0&amp;#x27;}, &amp;#x27;CI&amp;#x27;: &amp;#x27;true&amp;#x27;, &amp;#x27;JAVA_HOME&amp;#x27;: &amp;#x27;/usr/lib/jvm/temurin-11-jdk-amd64&amp;#x27;}\nrootdir: /tmp/pytest-of-runner/pytest-0/test_run_all_tests4\nconfigfile: pytest.ini\nplugins: metadata-3.1.1, cases-3.8.6, html-4.1.1, harvest-0.1.dev1+gcfc69e5, typeguard-4.3.0\ncollecting ... collected 6 items\n\ntest_run_all_tests.py::test_my_app_bench[A-1] PASSED                     [ 16%]\ntest_run_all_tests.py::test_my_app_bench[A-2] PASSED                     [ 33%]\ntest_run_all_tests.py::test_my_app_bench[B-1] PASSED                     [ 50%]\ntest_run_all_tests.py::test_my_app_bench[B-2] PASSED                     [ 66%]\ntest_run_all_tests.py::test_my_app_bench[C-1] PASSED                     [ 83%]\ntest_run_all_tests.py::test_my_app_bench[C-2] PASSED                     [100%]\n\n============================== 6 passed in 0.03s ===============================\n&#34;}], &#34;tests/test_all_raw_with_meta_check.py::test_run_all_tests[test_saved_fixture_module_params.py]&#34;: [{&#34;extras&#34;: [], &#34;result&#34;: &#34;Passed&#34;, &#34;testId&#34;: &#34;tests/test_all_raw_with_meta_check.py::test_run_all_tests[test_saved_fixture_module_params.py]&#34;, &#34;duration&#34;: &#34;154 ms&#34;, &#34;resultsTableRow&#34;: [&#34;&lt;td class=\&#34;col-result\&#34;&gt;Passed&lt;/td&gt;&#34;, &#34;&lt;td class=\&#34;col-testId\&#34;&gt;tests/test_all_raw_with_meta_check.py::test_run_all_tests[test_saved_fixture_module_params.py]&lt;/td&gt;&#34;, &#34;&lt;td class=\&#34;col-duration\&#34;&gt;154 ms&lt;/td&gt;&#34;, &#34;&lt;td class=\&#34;col-links\&#34;&gt;&lt;/td&gt;&#34;], &#34;log&#34;: &#34;----------------------------- Captured stdout call -----------------------------\n\nTesting in tmp folder &amp;#x27;/tmp/pytest-of-runner/pytest-0/test_run_all_tests5&amp;#x27; that running pytest on file &amp;#x27;test_saved_fixture_module_params.py&amp;#x27; results in {&amp;#x27;passed&amp;#x27;: 7, &amp;#x27;failed&amp;#x27;: 0}\n============================= test session starts ==============================\nplatform linux -- Python 3.11.10, pytest-8.3.3, pluggy-1.5.0 -- /home/runner/work/python-pytest-harvest/python-pytest-harvest/.nox/tests-3-11-env-pytest-latest/bin/python\ncachedir: .pytest_cache\nmetadata: {&amp;#x27;Python&amp;#x27;: &amp;#x27;3.11.10&amp;#x27;, &amp;#x27;Platform&amp;#x27;: &amp;#x27;Linux-6.8.0-1014-azure-x86_64-with-glibc2.35&amp;#x27;, &amp;#x27;Packages&amp;#x27;: {&amp;#x27;pytest&amp;#x27;: &amp;#x27;8.3.3&amp;#x27;, &amp;#x27;pluggy&amp;#x27;: &amp;#x27;1.5.0&amp;#x27;}, &amp;#x27;Plugins&amp;#x27;: {&amp;#x27;metadata&amp;#x27;: &amp;#x27;3.1.1&amp;#x27;, &amp;#x27;cases&amp;#x27;: &amp;#x27;3.8.6&amp;#x27;, &amp;#x27;html&amp;#x27;: &amp;#x27;4.1.1&amp;#x27;, &amp;#x27;harvest&amp;#x27;: &amp;#x27;0.1.dev1+gcfc69e5&amp;#x27;, &amp;#x27;typeguard&amp;#x27;: &amp;#x27;4.3.0&amp;#x27;}, &amp;#x27;CI&amp;#x27;: &amp;#x27;true&amp;#x27;, &amp;#x27;JAVA_HOME&amp;#x27;: &amp;#x27;/usr/lib/jvm/temurin-11-jdk-amd64&amp;#x27;}\nrootdir: /tmp/pytest-of-runner/pytest-0/test_run_all_tests5\nconfigfile: pytest.ini\nplugins: metadata-3.1.1, cases-3.8.6, html-4.1.1, harvest-0.1.dev1+gcfc69e5, typeguard-4.3.0\ncollecting ... collected 7 items\n\ntest_run_all_tests.py::test_foo[1] PASSED                                [ 14%]\ntest_run_all_tests.py::test_bar[1-a] PASSED                              [ 28%]\ntest_run_all_tests.py::test_bar[2-a] PASSED                              [ 42%]\ntest_run_all_tests.py::test_foo[2] PASSED                                [ 57%]\ntest_run_all_tests.py::test_bar[2-b] PASSED                              [ 71%]\ntest_run_all_tests.py::test_bar[1-b] PASSED                              [ 85%]\ntest_run_all_tests.py::test_synthesis PASSED                             [100%]\n\n============================== 7 passed in 0.03s ===============================\n&#34;}], &#34;tests/test_all_raw_with_meta_check.py::test_run_all_tests[test_saved_fixture_in_fixture.py]&#34;: [{&#34;extras&#34;: [], &#34;result&#34;: &#34;Passed&#34;, &#34;testId&#34;: &#34;tests/test_all_raw_with_meta_check.py::test_run_all_tests[test_saved_fixture_in_fixture.py]&#34;, &#34;duration&#34;: &#34;118 ms&#34;, &#34;resultsTableRow&#34;: [&#34;&lt;td class=\&#34;col-result\&#34;&gt;Passed&lt;/td&gt;&#34;, &#34;&lt;td class=\&#34;col-testId\&#34;&gt;tests/test_all_raw_with_meta_check.py::test_run_all_tests[test_saved_fixture_in_fixture.py]&lt;/td&gt;&#34;, &#34;&lt;td class=\&#34;col-duration\&#34;&gt;118 ms&lt;/td&gt;&#34;, &#34;&lt;td class=\&#34;col-links\&#34;&gt;&lt;/td&gt;&#34;], &#34;log&#34;: &#34;----------------------------- Captured stdout call -----------------------------\n\nTesting in tmp folder &amp;#x27;/tmp/pytest-of-runner/pytest-0/test_run_all_tests6&amp;#x27; that running pytest on file &amp;#x27;test_saved_fixture_in_fixture.py&amp;#x27; results in {&amp;#x27;passed&amp;#x27;: 2, &amp;#x27;failed&amp;#x27;: 0}\n============================= test session starts ==============================\nplatform linux -- Python 3.11.10, pytest-8.3.3, pluggy-1.5.0 -- /home/runner/work/python-pytest-harvest/python-pytest-harvest/.nox/tests-3-11-env-pytest-latest/bin/python\ncachedir: .pytest_cache\nmetadata: {&amp;#x27;Python&amp;#x27;: &amp;#x27;3.11.10&amp;#x27;, &amp;#x27;Platform&amp;#x27;: &amp;#x27;Linux-6.8.0-1014-azure-x86_64-with-glibc2.35&amp;#x27;, &amp;#x27;Packages&amp;#x27;: {&amp;#x27;pytest&amp;#x27;: &amp;#x27;8.3.3&amp;#x27;, &amp;#x27;pluggy&amp;#x27;: &amp;#x27;1.5.0&amp;#x27;}, &amp;#x27;Plugins&amp;#x27;: {&amp;#x27;metadata&amp;#x27;: &amp;#x27;3.1.1&amp;#x27;, &amp;#x27;cases&amp;#x27;: &amp;#x27;3.8.6&amp;#x27;, &amp;#x27;html&amp;#x27;: &amp;#x27;4.1.1&amp;#x27;, &amp;#x27;harvest&amp;#x27;: &amp;#x27;0.1.dev1+gcfc69e5&amp;#x27;, &amp;#x27;typeguard&amp;#x27;: &amp;#x27;4.3.0&amp;#x27;}, &amp;#x27;CI&amp;#x27;: &amp;#x27;true&amp;#x27;, &amp;#x27;JAVA_HOME&amp;#x27;: &amp;#x27;/usr/lib/jvm/temurin-11-jdk-amd64&amp;#x27;}\nrootdir: /tmp/pytest-of-runner/pytest-0/test_run_all_tests6\nconfigfile: pytest.ini\nplugins: metadata-3.1.1, cases-3.8.6, html-4.1.1, harvest-0.1.dev1+gcfc69e5, typeguard-4.3.0\ncollecting ... collected 2 items\n\ntest_run_all_tests.py::test_foo[0.297] PASSED                            [ 50%]\ntest_run_all_tests.py::test_foo[0.458] PASSED                            [100%]\n\n============================== 2 passed in 0.02s ===============================\n&#34;}], &#34;tests/test_all_raw_with_meta_check.py::test_run_all_tests[test_saved_fixture_in_global_var.py]&#34;: [{&#34;extras&#34;: [], &#34;result&#34;: &#34;Passed&#34;, &#34;testId&#34;: &#34;tests/test_all_raw_with_meta_check.py::test_run_all_tests[test_saved_fixture_in_global_var.py]&#34;, &#34;duration&#34;: &#34;116 ms&#34;, &#34;resultsTableRow&#34;: [&#34;&lt;td class=\&#34;col-result\&#34;&gt;Passed&lt;/td&gt;&#34;, &#34;&lt;td class=\&#34;col-testId\&#34;&gt;tests/test_all_raw_with_meta_check.py::test_run_all_tests[test_saved_fixture_in_global_var.py]&lt;/td&gt;&#34;, &#34;&lt;td class=\&#34;col-duration\&#34;&gt;116 ms&lt;/td&gt;&#34;, &#34;&lt;td class=\&#34;col-links\&#34;&gt;&lt;/td&gt;&#34;], &#34;log&#34;: &#34;----------------------------- Captured stdout call -----------------------------\n\nTesting in tmp folder &amp;#x27;/tmp/pytest-of-runner/pytest-0/test_run_all_tests7&amp;#x27; that running pytest on file &amp;#x27;test_saved_fixture_in_global_var.py&amp;#x27; results in {&amp;#x27;passed&amp;#x27;: 2, &amp;#x27;failed&amp;#x27;: 0}\n============================= test session starts ==============================\nplatform linux -- Python 3.11.10, pytest-8.3.3, pluggy-1.5.0 -- /home/runner/work/python-pytest-harvest/python-pytest-harvest/.nox/tests-3-11-env-pytest-latest/bin/python\ncachedir: .pytest_cache\nmetadata: {&amp;#x27;Python&amp;#x27;: &amp;#x27;3.11.10&amp;#x27;, &amp;#x27;Platform&amp;#x27;: &amp;#x27;Linux-6.8.0-1014-azure-x86_64-with-glibc2.35&amp;#x27;, &amp;#x27;Packages&amp;#x27;: {&amp;#x27;pytest&amp;#x27;: &amp;#x27;8.3.3&amp;#x27;, &amp;#x27;pluggy&amp;#x27;: &amp;#x27;1.5.0&amp;#x27;}, &amp;#x27;Plugins&amp;#x27;: {&amp;#x27;metadata&amp;#x27;: &amp;#x27;3.1.1&amp;#x27;, &amp;#x27;cases&amp;#x27;: &amp;#x27;3.8.6&amp;#x27;, &amp;#x27;html&amp;#x27;: &amp;#x27;4.1.1&amp;#x27;, &amp;#x27;harvest&amp;#x27;: &amp;#x27;0.1.dev1+gcfc69e5&amp;#x27;, &amp;#x27;typeguard&amp;#x27;: &amp;#x27;4.3.0&amp;#x27;}, &amp;#x27;CI&amp;#x27;: &amp;#x27;true&amp;#x27;, &amp;#x27;JAVA_HOME&amp;#x27;: &amp;#x27;/usr/lib/jvm/temurin-11-jdk-amd64&amp;#x27;}\nrootdir: /tmp/pytest-of-runner/pytest-0/test_run_all_tests7\nconfigfile: pytest.ini\nplugins: metadata-3.1.1, cases-3.8.6, html-4.1.1, harvest-0.1.dev1+gcfc69e5, typeguard-4.3.0\ncollecting ... collected 2 items\n\ntest_run_all_tests.py::test_foo[0.295] PASSED                            [ 50%]\ntest_run_all_tests.py::test_foo[0.456] PASSED                            [100%]\n\n============================== 2 passed in 0.02s ===============================\n&#34;}], &#34;tests/test_all_raw_with_meta_check.py::test_run_all_tests[test_get_session_results.py]&#34;: [{&#34;extras&#34;: [], &#34;result&#34;: &#34;Passed&#34;, &#34;testId&#34;: &#34;tests/test_all_raw_with_meta_check.py::test_run_all_tests[test_get_session_results.py]&#34;, &#34;duration&#34;: &#34;249 ms&#34;, &#34;resultsTableRow&#34;: [&#34;&lt;td class=\&#34;col-result\&#34;&gt;Passed&lt;/td&gt;&#34;, &#34;&lt;td class=\&#34;col-testId\&#34;&gt;tests/test_all_raw_with_meta_check.py::test_run_all_tests[test_get_session_results.py]&lt;/td&gt;&#34;, &#34;&lt;td class=\&#34;col-duration\&#34;&gt;249 ms&lt;/td&gt;&#34;, &#34;&lt;td class=\&#34;col-links\&#34;&gt;&lt;/td&gt;&#34;], &#34;log&#34;: &#34;----------------------------- Captured stdout call -----------------------------\n\nTesting in tmp folder &amp;#x27;/tmp/pytest-of-runner/pytest-0/test_run_all_tests8&amp;#x27; that running pytest on file &amp;#x27;test_get_session_results.py&amp;#x27; results in {&amp;#x27;passed&amp;#x27;: 17, &amp;#x27;skipped&amp;#x27;: 1, &amp;#x27;failed&amp;#x27;: 1}\n============================= test session starts ==============================\nplatform linux -- Python 3.11.10, pytest-8.3.3, pluggy-1.5.0 -- /home/runner/work/python-pytest-harvest/python-pytest-harvest/.nox/tests-3-11-env-pytest-latest/bin/python\ncachedir: .pytest_cache\nmetadata: {&amp;#x27;Python&amp;#x27;: &amp;#x27;3.11.10&amp;#x27;, &amp;#x27;Platform&amp;#x27;: &amp;#x27;Linux-6.8.0-1014-azure-x86_64-with-glibc2.35&amp;#x27;, &amp;#x27;Packages&amp;#x27;: {&amp;#x27;pytest&amp;#x27;: &amp;#x27;8.3.3&amp;#x27;, &amp;#x27;pluggy&amp;#x27;: &amp;#x27;1.5.0&amp;#x27;}, &amp;#x27;Plugins&amp;#x27;: {&amp;#x27;metadata&amp;#x27;: &amp;#x27;3.1.1&amp;#x27;, &amp;#x27;cases&amp;#x27;: &amp;#x27;3.8.6&amp;#x27;, &amp;#x27;html&amp;#x27;: &amp;#x27;4.1.1&amp;#x27;, &amp;#x27;harvest&amp;#x27;: &amp;#x27;0.1.dev1+gcfc69e5&amp;#x27;, &amp;#x27;typeguard&amp;#x27;: &amp;#x27;4.3.0&amp;#x27;}, &amp;#x27;CI&amp;#x27;: &amp;#x27;true&amp;#x27;, &amp;#x27;JAVA_HOME&amp;#x27;: &amp;#x27;/usr/lib/jvm/temurin-11-jdk-amd64&amp;#x27;}\nrootdir: /tmp/pytest-of-runner/pytest-0/test_run_all_tests8\nconfigfile: pytest.ini\nplugins: metadata-3.1.1, cases-3.8.6, html-4.1.1, harvest-0.1.dev1+gcfc69e5, typeguard-4.3.0\ncollecting ... collected 19 items\n\ntest_run_all_tests.py::test_run_all_tests.doctestable PASSED             [  5%]\ntest_run_all_tests.py::test_foo[1-hello] PASSED                          [ 10%]\ntest_run_all_tests.py::test_foo[1-world] PASSED                          [ 15%]\ntest_run_all_tests.py::test_foo[2-hello] PASSED                          [ 21%]\ntest_run_all_tests.py::test_foo[2-world] PASSED                          [ 26%]\ntest_run_all_tests.py::test_foo_synthesis_all_options[duration_in_ms=False-flatten=False] PASSED [ 31%]\ntest_run_all_tests.py::test_foo_synthesis_all_options[duration_in_ms=False-flatten=True] PASSED [ 36%]\ntest_run_all_tests.py::test_foo_synthesis_all_options[duration_in_ms=True-flatten=False] PASSED [ 42%]\ntest_run_all_tests.py::test_foo_synthesis_all_options[duration_in_ms=True-flatten=True] PASSED [ 47%]\ntest_run_all_tests.py::test_skipped SKIPPED (normal, intended skip here) [ 52%]\ntest_run_all_tests.py::test_failing FAILED                               [ 57%]\ntest_run_all_tests.py::test_synthesis_skipped PASSED                     [ 63%]\ntest_run_all_tests.py::test_synthesis_failed PASSED                      [ 68%]\ntest_run_all_tests.py::TestX::test_easy[True] PASSED                     [ 73%]\ntest_run_all_tests.py::TestX::test_easy[False] PASSED                    [ 78%]\ntest_run_all_tests.py::test_synthesis_id_formatting PASSED               [ 84%]\ntest_run_all_tests.py::test_get_all_pytest_param_names PASSED            [ 89%]\ntest_run_all_tests.py::test_get_all_pytest_fixture_names PASSED          [ 94%]\ntest_run_all_tests.py::test_synthesis_contains_everything PASSED         [100%]\n\n=================================== FAILURES ===================================\n_________________________________ test_failing _________________________________\n\n    def test_failing():\n&amp;gt;       pytest.fail(&amp;quot;normal, intended failure here&amp;quot;)\nE       Failed: normal, intended failure here\n\ntest_run_all_tests.py:116: Failed\n=========================== short test summary info ============================\nFAILED test_run_all_tests.py::test_failing - Failed: normal, intended failure here\n=================== 1 failed, 17 passed, 1 skipped in 0.15s ====================\n&#34;}], &#34;tests/test_all_raw_with_meta_check.py::test_run_all_tests[test_saved_fixture_session.py]&#34;: [{&#34;extras&#34;: [], &#34;result&#34;: &#34;Passed&#34;, &#34;testId&#34;: &#34;tests/test_all_raw_with_meta_check.py::test_run_all_tests[test_saved_fixture_session.py]&#34;, &#34;duration&#34;: &#34;115 ms&#34;, &#34;resultsTableRow&#34;: [&#34;&lt;td class=\&#34;col-result\&#34;&gt;Passed&lt;/td&gt;&#34;, &#34;&lt;td class=\&#34;col-testId\&#34;&gt;tests/test_all_raw_with_meta_check.py::test_run_all_tests[test_saved_fixture_session.py]&lt;/td&gt;&#34;, &#34;&lt;td class=\&#34;col-duration\&#34;&gt;115 ms&lt;/td&gt;&#34;, &#34;&lt;td class=\&#34;col-links\&#34;&gt;&lt;/td&gt;&#34;], &#34;log&#34;: &#34;----------------------------- Captured stdout call -----------------------------\n\nTesting in tmp folder &amp;#x27;/tmp/pytest-of-runner/pytest-0/test_run_all_tests9&amp;#x27; that running pytest on file &amp;#x27;test_saved_fixture_session.py&amp;#x27; results in {&amp;#x27;passed&amp;#x27;: 2, &amp;#x27;failed&amp;#x27;: 0}\n============================= test session starts ==============================\nplatform linux -- Python 3.11.10, pytest-8.3.3, pluggy-1.5.0 -- /home/runner/work/python-pytest-harvest/python-pytest-harvest/.nox/tests-3-11-env-pytest-latest/bin/python\ncachedir: .pytest_cache\nmetadata: {&amp;#x27;Python&amp;#x27;: &amp;#x27;3.11.10&amp;#x27;, &amp;#x27;Platform&amp;#x27;: &amp;#x27;Linux-6.8.0-1014-azure-x86_64-with-glibc2.35&amp;#x27;, &amp;#x27;Packages&amp;#x27;: {&amp;#x27;pytest&amp;#x27;: &amp;#x27;8.3.3&amp;#x27;, &amp;#x27;pluggy&amp;#x27;: &amp;#x27;1.5.0&amp;#x27;}, &amp;#x27;Plugins&amp;#x27;: {&amp;#x27;metadata&amp;#x27;: &amp;#x27;3.1.1&amp;#x27;, &amp;#x27;cases&amp;#x27;: &amp;#x27;3.8.6&amp;#x27;, &amp;#x27;html&amp;#x27;: &amp;#x27;4.1.1&amp;#x27;, &amp;#x27;harvest&amp;#x27;: &amp;#x27;0.1.dev1+gcfc69e5&amp;#x27;, &amp;#x27;typeguard&amp;#x27;: &amp;#x27;4.3.0&amp;#x27;}, &amp;#x27;CI&amp;#x27;: &amp;#x27;true&amp;#x27;, &amp;#x27;JAVA_HOME&amp;#x27;: &amp;#x27;/usr/lib/jvm/temurin-11-jdk-amd64&amp;#x27;}\nrootdir: /tmp/pytest-of-runner/pytest-0/test_run_all_tests9\nconfigfile: pytest.ini\nplugins: metadata-3.1.1, cases-3.8.6, html-4.1.1, harvest-0.1.dev1+gcfc69e5, typeguard-4.3.0\ncollecting ... collected 2 items\n\ntest_run_all_tests.py::test_foo[0.296] PASSED                            [ 50%]\ntest_run_all_tests.py::test_foo[0.457] PASSED                            [100%]\n\n============================== 2 passed in 0.02s ===============================\n&#34;}], &#34;tests/test_all_raw_with_meta_check.py::test_run_all_tests[test_saved_fixture_basic.py]&#34;: [{&#34;extras&#34;: [], &#34;result&#34;: &#34;Passed&#34;, &#34;testId&#34;: &#34;tests/test_all_raw_with_meta_check.py::test_run_all_tests[test_saved_fixture_basic.py]&#34;, &#34;duration&#34;: &#34;110 ms&#34;, &#34;resultsTableRow&#34;: [&#34;&lt;td class=\&#34;col-result\&#34;&gt;Passed&lt;/td&gt;&#34;, &#34;&lt;td class=\&#34;col-testId\&#34;&gt;tests/test_all_raw_with_meta_check.py::test_run_all_tests[test_saved_fixture_basic.py]&lt;/td&gt;&#34;, &#34;&lt;td class=\&#34;col-duration\&#34;&gt;110 ms&lt;/td&gt;&#34;, &#34;&lt;td class=\&#34;col-links\&#34;&gt;&lt;/td&gt;&#34;], &#34;log&#34;: &#34;----------------------------- Captured stdout call -----------------------------\n\nTesting in tmp folder &amp;#x27;/tmp/pytest-of-runner/pytest-0/test_run_all_tests10&amp;#x27; that running pytest on file &amp;#x27;test_saved_fixture_basic.py&amp;#x27; results in {&amp;#x27;passed&amp;#x27;: 2, &amp;#x27;skipped&amp;#x27;: 0, &amp;#x27;failed&amp;#x27;: 0}\n============================= test session starts ==============================\nplatform linux -- Python 3.11.10, pytest-8.3.3, pluggy-1.5.0 -- /home/runner/work/python-pytest-harvest/python-pytest-harvest/.nox/tests-3-11-env-pytest-latest/bin/python\ncachedir: .pytest_cache\nmetadata: {&amp;#x27;Python&amp;#x27;: &amp;#x27;3.11.10&amp;#x27;, &amp;#x27;Platform&amp;#x27;: &amp;#x27;Linux-6.8.0-1014-azure-x86_64-with-glibc2.35&amp;#x27;, &amp;#x27;Packages&amp;#x27;: {&amp;#x27;pytest&amp;#x27;: &amp;#x27;8.3.3&amp;#x27;, &amp;#x27;pluggy&amp;#x27;: &amp;#x27;1.5.0&amp;#x27;}, &amp;#x27;Plugins&amp;#x27;: {&amp;#x27;metadata&amp;#x27;: &amp;#x27;3.1.1&amp;#x27;, &amp;#x27;cases&amp;#x27;: &amp;#x27;3.8.6&amp;#x27;, &amp;#x27;html&amp;#x27;: &amp;#x27;4.1.1&amp;#x27;, &amp;#x27;harvest&amp;#x27;: &amp;#x27;0.1.dev1+gcfc69e5&amp;#x27;, &amp;#x27;typeguard&amp;#x27;: &amp;#x27;4.3.0&amp;#x27;}, &amp;#x27;CI&amp;#x27;: &amp;#x27;true&amp;#x27;, &amp;#x27;JAVA_HOME&amp;#x27;: &amp;#x27;/usr/lib/jvm/temurin-11-jdk-amd64&amp;#x27;}\nrootdir: /tmp/pytest-of-runner/pytest-0/test_run_all_tests10\nconfigfile: pytest.ini\nplugins: metadata-3.1.1, cases-3.8.6, html-4.1.1, harvest-0.1.dev1+gcfc69e5, typeguard-4.3.0\ncollecting ... collected 2 items\n\ntest_run_all_tests.py::test_dummy PASSED                                 [ 50%]\ntest_run_all_tests.py::test_synthesis PASSED                             [100%]\n\n============================== 2 passed in 0.02s ===============================\n&#34;}], &#34;tests/test_doc_basic_dct.py::test_foo[world]&#34;: [{&#34;extras&#34;: [], &#34;result&#34;: &#34;Passed&#34;, &#34;testId&#34;: &#34;tests/test_doc_basic_dct.py::test_foo[world]&#34;, &#34;duration&#34;: &#34;501 ms&#34;, &#34;resultsTableRow&#34;: [&#34;&lt;td class=\&#34;col-result\&#34;&gt;Passed&lt;/td&gt;&#34;, &#34;&lt;td class=\&#34;col-testId\&#34;&gt;tests/test_doc_basic_dct.py::test_foo[world]&lt;/td&gt;&#34;, &#34;&lt;td class=\&#34;col-duration\&#34;&gt;501 ms&lt;/td&gt;&#34;, &#34;&lt;td class=\&#34;col-links\&#34;&gt;&lt;/td&gt;&#34;], &#34;log&#34;: &#34;----------------------------- Captured stdout call -----------------------------\n\n   hello, world !\n&#34;}], &#34;tests/test_doc_basic_dct.py::test_foo[self]&#34;: [{&#34;extras&#34;: [], &#34;result&#34;: &#34;Passed&#34;, &#34;testId&#34;: &#34;tests/test_doc_basic_dct.py::test_foo[self]&#34;, &#34;duration&#34;: &#34;401 ms&#34;, &#34;resultsTableRow&#34;: [&#34;&lt;td class=\&#34;col-result\&#34;&gt;Passed&lt;/td&gt;&#34;, &#34;&lt;td class=\&#34;col-testId\&#34;&gt;tests/test_doc_basic_dct.py::test_foo[self]&lt;/td&gt;&#34;, &#34;&lt;td class=\&#34;col-duration\&#34;&gt;401 ms&lt;/td&gt;&#34;, &#34;&lt;td class=\&#34;col-links\&#34;&gt;&lt;/td&gt;&#34;], &#34;log&#34;: &#34;----------------------------- Captured stdout call -----------------------------\n\n   hello, self !\n&#34;}], &#34;tests/test_doc_basic_dct.py::test_synthesis&#34;: [{&#34;extras&#34;: [], &#34;result&#34;: &#34;Passed&#34;, &#34;testId&#34;: &#34;tests/test_doc_basic_dct.py::test_synthesis&#34;, &#34;duration&#34;: &#34;1 ms&#34;, &#34;resultsTableRow&#34;: [&#34;&lt;td class=\&#34;col-result\&#34;&gt;Passed&lt;/td&gt;&#34;, &#34;&lt;td class=\&#34;col-testId\&#34;&gt;tests/test_doc_basic_dct.py::test_synthesis&lt;/td&gt;&#34;, &#34;&lt;td class=\&#34;col-duration\&#34;&gt;1 ms&lt;/td&gt;&#34;, &#34;&lt;td class=\&#34;col-links\&#34;&gt;&lt;/td&gt;&#34;], &#34;log&#34;: &#34;----------------------------- Captured stdout call -----------------------------\n\n   Available `module_results_dct` keys:\n    - test_foo[world]\n    - test_foo[self]\n\n   Contents of &amp;#x27;test_foo[world]&amp;#x27;:\n    - &amp;#x27;pytest_obj&amp;#x27;: &amp;lt;function test_foo at 0x7fc586d9b7e0&amp;gt;\n    - &amp;#x27;status&amp;#x27;: passed\n    - &amp;#x27;duration_ms&amp;#x27;: 500.5589189999853\n    - &amp;#x27;status_details&amp;#x27;:\n      - &amp;#x27;setup&amp;#x27;: (&amp;#x27;passed&amp;#x27;, 0.3681400000061785)\n      - &amp;#x27;call&amp;#x27;: (&amp;#x27;passed&amp;#x27;, 500.5589189999853)\n      - &amp;#x27;teardown&amp;#x27;: (&amp;#x27;passed&amp;#x27;, 0.2226470000152858)\n    - &amp;#x27;params&amp;#x27;: OrderedDict([(&amp;#x27;p&amp;#x27;, &amp;#x27;world&amp;#x27;)])\n    - &amp;#x27;fixtures&amp;#x27;: OrderedDict()\n&#34;}], &#34;tests/test_doc_basic_df.py::test_foo[world]&#34;: [{&#34;extras&#34;: [], &#34;result&#34;: &#34;Passed&#34;, &#34;testId&#34;: &#34;tests/test_doc_basic_df.py::test_foo[world]&#34;, &#34;duration&#34;: &#34;501 ms&#34;, &#34;resultsTableRow&#34;: [&#34;&lt;td class=\&#34;col-result\&#34;&gt;Passed&lt;/td&gt;&#34;, &#34;&lt;td class=\&#34;col-testId\&#34;&gt;tests/test_doc_basic_df.py::test_foo[world]&lt;/td&gt;&#34;, &#34;&lt;td class=\&#34;col-duration\&#34;&gt;501 ms&lt;/td&gt;&#34;, &#34;&lt;td class=\&#34;col-links\&#34;&gt;&lt;/td&gt;&#34;], &#34;log&#34;: &#34;----------------------------- Captured stdout call -----------------------------\n\n   hello, world !\n&#34;}], &#34;tests/test_doc_basic_df.py::test_foo[self]&#34;: [{&#34;extras&#34;: [], &#34;result&#34;: &#34;Passed&#34;, &#34;testId&#34;: &#34;tests/test_doc_basic_df.py::test_foo[self]&#34;, &#34;duration&#34;: &#34;401 ms&#34;, &#34;resultsTableRow&#34;: [&#34;&lt;td class=\&#34;col-result\&#34;&gt;Passed&lt;/td&gt;&#34;, &#34;&lt;td class=\&#34;col-testId\&#34;&gt;tests/test_doc_basic_df.py::test_foo[self]&lt;/td&gt;&#34;, &#34;&lt;td class=\&#34;col-duration\&#34;&gt;401 ms&lt;/td&gt;&#34;, &#34;&lt;td class=\&#34;col-links\&#34;&gt;&lt;/td&gt;&#34;], &#34;log&#34;: &#34;----------------------------- Captured stdout call -----------------------------\n\n   hello, self !\n&#34;}], &#34;tests/test_doc_basic_df.py::test_synthesis&#34;: [{&#34;extras&#34;: [], &#34;result&#34;: &#34;Passed&#34;, &#34;testId&#34;: &#34;tests/test_doc_basic_df.py::test_synthesis&#34;, &#34;duration&#34;: &#34;10 ms&#34;, &#34;resultsTableRow&#34;: [&#34;&lt;td class=\&#34;col-result\&#34;&gt;Passed&lt;/td&gt;&#34;, &#34;&lt;td class=\&#34;col-testId\&#34;&gt;tests/test_doc_basic_df.py::test_synthesis&lt;/td&gt;&#34;, &#34;&lt;td class=\&#34;col-duration\&#34;&gt;10 ms&lt;/td&gt;&#34;, &#34;&lt;td class=\&#34;col-links\&#34;&gt;&lt;/td&gt;&#34;], &#34;log&#34;: &#34;----------------------------- Captured stdout call -----------------------------\n\n   `module_results_df` dataframe:\n\n                                            pytest_obj  ...      p\ntest_id                                                 ...       \ntest_foo[world]  &amp;lt;function test_foo at 0x7fc586dcc180&amp;gt;  ...  world\ntest_foo[self]   &amp;lt;function test_foo at 0x7fc586dcc180&amp;gt;  ...   self\n\n[2 rows x 4 columns]\n&#34;}], &#34;tests/test_doc_basic_df_all.py::test_foo[0-False]&#34;: [{&#34;extras&#34;: [], &#34;result&#34;: &#34;Passed&#34;, &#34;testId&#34;: &#34;tests/test_doc_basic_df_all.py::test_foo[0-False]&#34;, &#34;duration&#34;: &#34;502 ms&#34;, &#34;resultsTableRow&#34;: [&#34;&lt;td class=\&#34;col-result\&#34;&gt;Passed&lt;/td&gt;&#34;, &#34;&lt;td class=\&#34;col-testId\&#34;&gt;tests/test_doc_basic_df_all.py::test_foo[0-False]&lt;/td&gt;&#34;, &#34;&lt;td class=\&#34;col-duration\&#34;&gt;502 ms&lt;/td&gt;&#34;, &#34;&lt;td class=\&#34;col-links\&#34;&gt;&lt;/td&gt;&#34;], &#34;log&#34;: &#34;----------------------------- Captured stdout call -----------------------------\n\n   hello, world !\n&#34;}], &#34;tests/test_doc_basic_df_all.py::test_foo[0-True]&#34;: [{&#34;extras&#34;: [], &#34;result&#34;: &#34;Passed&#34;, &#34;testId&#34;: &#34;tests/test_doc_basic_df_all.py::test_foo[0-True]&#34;, &#34;duration&#34;: &#34;00:00:01&#34;, &#34;resultsTableRow&#34;: [&#34;&lt;td class=\&#34;col-result\&#34;&gt;Passed&lt;/td&gt;&#34;, &#34;&lt;td class=\&#34;col-testId\&#34;&gt;tests/test_doc_basic_df_all.py::test_foo[0-True]&lt;/td&gt;&#34;, &#34;&lt;td class=\&#34;col-duration\&#34;&gt;00:00:01&lt;/td&gt;&#34;, &#34;&lt;td class=\&#34;col-links\&#34;&gt;&lt;/td&gt;&#34;], &#34;log&#34;: &#34;----------------------------- Captured stdout call -----------------------------\n\n   hello, world !\n&#34;}], &#34;tests/test_doc_basic_df_all.py::test_foo[1-False]&#34;: [{&#34;extras&#34;: [], &#34;result&#34;: &#34;Passed&#34;, &#34;testId&#34;: &#34;tests/test_doc_basic_df_all.py::test_foo[1-False]&#34;, &#34;duration&#34;: &#34;402 ms&#34;, &#34;resultsTableRow&#34;: [&#34;&lt;td class=\&#34;col-result\&#34;&gt;Passed&lt;/td&gt;&#34;, &#34;&lt;td class=\&#34;col-testId\&#34;&gt;tests/test_doc_basic_df_all.py::test_foo[1-False]&lt;/td&gt;&#34;, &#34;&lt;td class=\&#34;col-duration\&#34;&gt;402 ms&lt;/td&gt;&#34;, &#34;&lt;td class=\&#34;col-links\&#34;&gt;&lt;/td&gt;&#34;], &#34;log&#34;: &#34;----------------------------- Captured stdout call -----------------------------\n\n   hello, self !\n&#34;}], &#34;tests/test_doc_basic_df_all.py::test_foo[1-True]&#34;: [{&#34;extras&#34;: [], &#34;result&#34;: &#34;Passed&#34;, &#34;testId&#34;: &#34;tests/test_doc_basic_df_all.py::test_foo[1-True]&#34;, &#34;duration&#34;: &#34;802 ms&#34;, &#34;resultsTableRow&#34;: [&#34;&lt;td class=\&#34;col-result\&#34;&gt;Passed&lt;/td&gt;&#34;, &#34;&lt;td class=\&#34;col-testId\&#34;&gt;tests/test_doc_basic_df_all.py::test_foo[1-True]&lt;/td&gt;&#34;, &#34;&lt;td class=\&#34;col-duration\&#34;&gt;802 ms&lt;/td&gt;&#34;, &#34;&lt;td class=\&#34;col-links\&#34;&gt;&lt;/td&gt;&#34;], &#34;log&#34;: &#34;----------------------------- Captured stdout call -----------------------------\n\n   hello, self !\n&#34;}], &#34;tests/test_doc_basic_df_all.py::test_synthesis&#34;: [{&#34;extras&#34;: [], &#34;result&#34;: &#34;Passed&#34;, &#34;testId&#34;: &#34;tests/test_doc_basic_df_all.py::test_synthesis&#34;, &#34;duration&#34;: &#34;4 ms&#34;, &#34;resultsTableRow&#34;: [&#34;&lt;td class=\&#34;col-result\&#34;&gt;Passed&lt;/td&gt;&#34;, &#34;&lt;td class=\&#34;col-testId\&#34;&gt;tests/test_doc_basic_df_all.py::test_synthesis&lt;/td&gt;&#34;, &#34;&lt;td class=\&#34;col-duration\&#34;&gt;4 ms&lt;/td&gt;&#34;, &#34;&lt;td class=\&#34;col-links\&#34;&gt;&lt;/td&gt;&#34;], &#34;log&#34;: &#34;----------------------------- Captured stdout call -----------------------------\n\n   `module_results_df` dataframe:\n\n| test_id           | pytest_obj                            | status   |   duration_ms | double_sleep_time   |   person_param | person   |   nb_letters | current_time               |\n|:------------------|:--------------------------------------|:---------|--------------:|:--------------------|---------------:|:---------|-------------:|:---------------------------|\n| test_foo[0-False] | &amp;lt;function test_foo at 0x7fc586df44a0&amp;gt; | passed   |       500.52  | False               |              0 | world    |            5 | 2024-09-30T10:20:55.884870 |\n| test_foo[0-True]  | &amp;lt;function test_foo at 0x7fc586df44a0&amp;gt; | passed   |      1000.52  | True                |              0 | world    |            5 | 2024-09-30T10:20:56.887989 |\n| test_foo[1-False] | &amp;lt;function test_foo at 0x7fc586df44a0&amp;gt; | passed   |       400.549 | False               |              1 | self     |            4 | 2024-09-30T10:20:57.291175 |\n| test_foo[1-True]  | &amp;lt;function test_foo at 0x7fc586df44a0&amp;gt; | passed   |       800.56  | True                |              1 | self     |            4 | 2024-09-30T10:20:58.094385 |\n&#34;}], &#34;tests/test_doc_basic_results_bag.py::test_foo[world]&#34;: [{&#34;extras&#34;: [], &#34;result&#34;: &#34;Passed&#34;, &#34;testId&#34;: &#34;tests/test_doc_basic_results_bag.py::test_foo[world]&#34;, &#34;duration&#34;: &#34;1 ms&#34;, &#34;resultsTableRow&#34;: [&#34;&lt;td class=\&#34;col-result\&#34;&gt;Passed&lt;/td&gt;&#34;, &#34;&lt;td class=\&#34;col-testId\&#34;&gt;tests/test_doc_basic_results_bag.py::test_foo[world]&lt;/td&gt;&#34;, &#34;&lt;td class=\&#34;col-duration\&#34;&gt;1 ms&lt;/td&gt;&#34;, &#34;&lt;td class=\&#34;col-links\&#34;&gt;&lt;/td&gt;&#34;], &#34;log&#34;: &#34;----------------------------- Captured stdout call -----------------------------\n\n   hello, world !\n&#34;}], &#34;tests/test_doc_basic_results_bag.py::test_foo[self]&#34;: [{&#34;extras&#34;: [], &#34;result&#34;: &#34;Passed&#34;, &#34;testId&#34;: &#34;tests/test_doc_basic_results_bag.py::test_foo[self]&#34;, &#34;duration&#34;: &#34;1 ms&#34;, &#34;resultsTableRow&#34;: [&#34;&lt;td class=\&#34;col-result\&#34;&gt;Passed&lt;/td&gt;&#34;, &#34;&lt;td class=\&#34;col-testId\&#34;&gt;tests/test_doc_basic_results_bag.py::test_foo[self]&lt;/td&gt;&#34;, &#34;&lt;td class=\&#34;col-duration\&#34;&gt;1 ms&lt;/td&gt;&#34;, &#34;&lt;td class=\&#34;col-links\&#34;&gt;&lt;/td&gt;&#34;], &#34;log&#34;: &#34;----------------------------- Captured stdout call -----------------------------\n\n   hello, self !\n&#34;}], &#34;tests/test_doc_basic_results_bag.py::test_synthesis&#34;: [{&#34;extras&#34;: [], &#34;result&#34;: &#34;Passed&#34;, &#34;testId&#34;: &#34;tests/test_doc_basic_results_bag.py::test_synthesis&#34;, &#34;duration&#34;: &#34;1 ms&#34;, &#34;resultsTableRow&#34;: [&#34;&lt;td class=\&#34;col-result\&#34;&gt;Passed&lt;/td&gt;&#34;, &#34;&lt;td class=\&#34;col-testId\&#34;&gt;tests/test_doc_basic_results_bag.py::test_synthesis&lt;/td&gt;&#34;, &#34;&lt;td class=\&#34;col-duration\&#34;&gt;1 ms&lt;/td&gt;&#34;, &#34;&lt;td class=\&#34;col-links\&#34;&gt;&lt;/td&gt;&#34;], &#34;log&#34;: &#34;----------------------------- Captured stdout call -----------------------------\n\n   Available `fixture_store` keys:\n    - &amp;#x27;my_fix&amp;#x27;\n    - &amp;#x27;my_fix2&amp;#x27;\n    - &amp;#x27;dummy&amp;#x27;\n    - &amp;#x27;person&amp;#x27;\n    - &amp;#x27;results_bag&amp;#x27;\n\n   Contents of `fixture_store[&amp;#x27;results_bag&amp;#x27;]`:\n    - &amp;#x27;tests/test_doc_basic_df_all.py::test_foo[0-False]&amp;#x27;:\n      - &amp;#x27;nb_letters&amp;#x27;: 5\n      - &amp;#x27;current_time&amp;#x27;: 2024-09-30T10:20:55.884870\n    - &amp;#x27;tests/test_doc_basic_df_all.py::test_foo[0-True]&amp;#x27;:\n      - &amp;#x27;nb_letters&amp;#x27;: 5\n      - &amp;#x27;current_time&amp;#x27;: 2024-09-30T10:20:56.887989\n    - &amp;#x27;tests/test_doc_basic_df_all.py::test_foo[1-False]&amp;#x27;:\n      - &amp;#x27;nb_letters&amp;#x27;: 4\n      - &amp;#x27;current_time&amp;#x27;: 2024-09-30T10:20:57.291175\n    - &amp;#x27;tests/test_doc_basic_df_all.py::test_foo[1-True]&amp;#x27;:\n      - &amp;#x27;nb_letters&amp;#x27;: 4\n      - &amp;#x27;current_time&amp;#x27;: 2024-09-30T10:20:58.094385\n    - &amp;#x27;tests/test_doc_basic_results_bag.py::test_foo[world]&amp;#x27;:\n      - &amp;#x27;nb_letters&amp;#x27;: 5\n      - &amp;#x27;current_time&amp;#x27;: 2024-09-30T10:20:58.102444\n    - &amp;#x27;tests/test_doc_basic_results_bag.py::test_foo[self]&amp;#x27;:\n      - &amp;#x27;nb_letters&amp;#x27;: 4\n      - &amp;#x27;current_time&amp;#x27;: 2024-09-30T10:20:58.104369\n&#34;}], &#34;tests/test_doc_basic_saved_fixture.py::test_foo[0]&#34;: [{&#34;extras&#34;: [], &#34;result&#34;: &#34;Passed&#34;, &#34;testId&#34;: &#34;tests/test_doc_basic_saved_fixture.py::test_foo[0]&#34;, &#34;duration&#34;: &#34;1 ms&#34;, &#34;resultsTableRow&#34;: [&#34;&lt;td class=\&#34;col-result\&#34;&gt;Passed&lt;/td&gt;&#34;, &#34;&lt;td class=\&#34;col-testId\&#34;&gt;tests/test_doc_basic_saved_fixture.py::test_foo[0]&lt;/td&gt;&#34;, &#34;&lt;td class=\&#34;col-duration\&#34;&gt;1 ms&lt;/td&gt;&#34;, &#34;&lt;td class=\&#34;col-links\&#34;&gt;&lt;/td&gt;&#34;], &#34;log&#34;: &#34;----------------------------- Captured stdout call -----------------------------\n\n   hello, world !\n&#34;}], &#34;tests/test_doc_basic_saved_fixture.py::test_foo[1]&#34;: [{&#34;extras&#34;: [], &#34;result&#34;: &#34;Passed&#34;, &#34;testId&#34;: &#34;tests/test_doc_basic_saved_fixture.py::test_foo[1]&#34;, &#34;duration&#34;: &#34;1 ms&#34;, &#34;resultsTableRow&#34;: [&#34;&lt;td class=\&#34;col-result\&#34;&gt;Passed&lt;/td&gt;&#34;, &#34;&lt;td class=\&#34;col-testId\&#34;&gt;tests/test_doc_basic_saved_fixture.py::test_foo[1]&lt;/td&gt;&#34;, &#34;&lt;td class=\&#34;col-duration\&#34;&gt;1 ms&lt;/td&gt;&#34;, &#34;&lt;td class=\&#34;col-links\&#34;&gt;&lt;/td&gt;&#34;], &#34;log&#34;: &#34;----------------------------- Captured stdout call -----------------------------\n\n   hello, self !\n&#34;}], &#34;tests/test_doc_basic_saved_fixture.py::test_synthesis&#34;: [{&#34;extras&#34;: [], &#34;result&#34;: &#34;Passed&#34;, &#34;testId&#34;: &#34;tests/test_doc_basic_saved_fixture.py::test_synthesis&#34;, &#34;duration&#34;: &#34;1 ms&#34;, &#34;resultsTableRow&#34;: [&#34;&lt;td class=\&#34;col-result\&#34;&gt;Passed&lt;/td&gt;&#34;, &#34;&lt;td class=\&#34;col-testId\&#34;&gt;tests/test_doc_basic_saved_fixture.py::test_synthesis&lt;/td&gt;&#34;, &#34;&lt;td class=\&#34;col-duration\&#34;&gt;1 ms&lt;/td&gt;&#34;, &#34;&lt;td class=\&#34;col-links\&#34;&gt;&lt;/td&gt;&#34;], &#34;log&#34;: &#34;----------------------------- Captured stdout call -----------------------------\n\n   Available `fixture_store` keys:\n    - &amp;#x27;my_fix&amp;#x27;\n    - &amp;#x27;my_fix2&amp;#x27;\n    - &amp;#x27;dummy&amp;#x27;\n    - &amp;#x27;person&amp;#x27;\n    - &amp;#x27;results_bag&amp;#x27;\n\n   Contents of `fixture_store[&amp;#x27;person&amp;#x27;]`:\n    - &amp;#x27;tests/test_doc_basic_df_all.py::test_foo[0-False]&amp;#x27;: world\n    - &amp;#x27;tests/test_doc_basic_df_all.py::test_foo[0-True]&amp;#x27;: world\n    - &amp;#x27;tests/test_doc_basic_df_all.py::test_foo[1-False]&amp;#x27;: self\n    - &amp;#x27;tests/test_doc_basic_df_all.py::test_foo[1-True]&amp;#x27;: self\n    - &amp;#x27;tests/test_doc_basic_saved_fixture.py::test_foo[0]&amp;#x27;: world\n    - &amp;#x27;tests/test_doc_basic_saved_fixture.py::test_foo[1]&amp;#x27;: self\n&#34;}], &#34;tests/test_doc_basic_saved_fixture_views.py::test_foo[0]&#34;: [{&#34;extras&#34;: [], &#34;result&#34;: &#34;Passed&#34;, &#34;testId&#34;: &#34;tests/test_doc_basic_saved_fixture_views.py::test_foo[0]&#34;, &#34;duration&#34;: &#34;1 ms&#34;, &#34;resultsTableRow&#34;: [&#34;&lt;td class=\&#34;col-result\&#34;&gt;Passed&lt;/td&gt;&#34;, &#34;&lt;td class=\&#34;col-testId\&#34;&gt;tests/test_doc_basic_saved_fixture_views.py::test_foo[0]&lt;/td&gt;&#34;, &#34;&lt;td class=\&#34;col-duration\&#34;&gt;1 ms&lt;/td&gt;&#34;, &#34;&lt;td class=\&#34;col-links\&#34;&gt;&lt;/td&gt;&#34;], &#34;log&#34;: &#34;----------------------------- Captured stdout call -----------------------------\n\n   hello, world !\n&#34;}], &#34;tests/test_doc_basic_saved_fixture_views.py::test_foo[1]&#34;: [{&#34;extras&#34;: [], &#34;result&#34;: &#34;Passed&#34;, &#34;testId&#34;: &#34;tests/test_doc_basic_saved_fixture_views.py::test_foo[1]&#34;, &#34;duration&#34;: &#34;1 ms&#34;, &#34;resultsTableRow&#34;: [&#34;&lt;td class=\&#34;col-result\&#34;&gt;Passed&lt;/td&gt;&#34;, &#34;&lt;td class=\&#34;col-testId\&#34;&gt;tests/test_doc_basic_saved_fixture_views.py::test_foo[1]&lt;/td&gt;&#34;, &#34;&lt;td class=\&#34;col-duration\&#34;&gt;1 ms&lt;/td&gt;&#34;, &#34;&lt;td class=\&#34;col-links\&#34;&gt;&lt;/td&gt;&#34;], &#34;log&#34;: &#34;----------------------------- Captured stdout call -----------------------------\n\n   hello, self !\n&#34;}], &#34;tests/test_doc_basic_saved_fixture_views.py::test_synthesis&#34;: [{&#34;extras&#34;: [], &#34;result&#34;: &#34;Passed&#34;, &#34;testId&#34;: &#34;tests/test_doc_basic_saved_fixture_views.py::test_synthesis&#34;, &#34;duration&#34;: &#34;1 ms&#34;, &#34;resultsTableRow&#34;: [&#34;&lt;td class=\&#34;col-result\&#34;&gt;Passed&lt;/td&gt;&#34;, &#34;&lt;td class=\&#34;col-testId\&#34;&gt;tests/test_doc_basic_saved_fixture_views.py::test_synthesis&lt;/td&gt;&#34;, &#34;&lt;td class=\&#34;col-duration\&#34;&gt;1 ms&lt;/td&gt;&#34;, &#34;&lt;td class=\&#34;col-links\&#34;&gt;&lt;/td&gt;&#34;], &#34;log&#34;: &#34;----------------------------- Captured stdout call -----------------------------\n\n   Available `fixture_store` keys:\n    - &amp;#x27;my_fix&amp;#x27;\n    - &amp;#x27;my_fix2&amp;#x27;\n    - &amp;#x27;dummy&amp;#x27;\n    - &amp;#x27;person&amp;#x27;\n    - &amp;#x27;results_bag&amp;#x27;\n    - &amp;#x27;other_person_initial&amp;#x27;\n    - &amp;#x27;other_person_last&amp;#x27;\n&#34;}], &#34;tests/test_doc_example.py::test_my_app_bench[A-1]&#34;: [{&#34;extras&#34;: [], &#34;result&#34;: &#34;Passed&#34;, &#34;testId&#34;: &#34;tests/test_doc_example.py::test_my_app_bench[A-1]&#34;, &#34;duration&#34;: &#34;1 ms&#34;, &#34;resultsTableRow&#34;: [&#34;&lt;td class=\&#34;col-result\&#34;&gt;Passed&lt;/td&gt;&#34;, &#34;&lt;td class=\&#34;col-testId\&#34;&gt;tests/test_doc_example.py::test_my_app_bench[A-1]&lt;/td&gt;&#34;, &#34;&lt;td class=\&#34;col-duration\&#34;&gt;1 ms&lt;/td&gt;&#34;, &#34;&lt;td class=\&#34;col-links\&#34;&gt;&lt;/td&gt;&#34;], &#34;log&#34;: &#34;No log output captured.&#34;}], &#34;tests/test_doc_example.py::test_my_app_bench[A-2]&#34;: [{&#34;extras&#34;: [], &#34;result&#34;: &#34;Passed&#34;, &#34;testId&#34;: &#34;tests/test_doc_example.py::test_my_app_bench[A-2]&#34;, &#34;duration&#34;: &#34;1 ms&#34;, &#34;resultsTableRow&#34;: [&#34;&lt;td class=\&#34;col-result\&#34;&gt;Passed&lt;/td&gt;&#34;, &#34;&lt;td class=\&#34;col-testId\&#34;&gt;tests/test_doc_example.py::test_my_app_bench[A-2]&lt;/td&gt;&#34;, &#34;&lt;td class=\&#34;col-duration\&#34;&gt;1 ms&lt;/td&gt;&#34;, &#34;&lt;td class=\&#34;col-links\&#34;&gt;&lt;/td&gt;&#34;], &#34;log&#34;: &#34;No log output captured.&#34;}], &#34;tests/test_doc_example.py::test_my_app_bench[B-1]&#34;: [{&#34;extras&#34;: [], &#34;result&#34;: &#34;Passed&#34;, &#34;testId&#34;: &#34;tests/test_doc_example.py::test_my_app_bench[B-1]&#34;, &#34;duration&#34;: &#34;1 ms&#34;, &#34;resultsTableRow&#34;: [&#34;&lt;td class=\&#34;col-result\&#34;&gt;Passed&lt;/td&gt;&#34;, &#34;&lt;td class=\&#34;col-testId\&#34;&gt;tests/test_doc_example.py::test_my_app_bench[B-1]&lt;/td&gt;&#34;, &#34;&lt;td class=\&#34;col-duration\&#34;&gt;1 ms&lt;/td&gt;&#34;, &#34;&lt;td class=\&#34;col-links\&#34;&gt;&lt;/td&gt;&#34;], &#34;log&#34;: &#34;No log output captured.&#34;}], &#34;tests/test_doc_example.py::test_my_app_bench[B-2]&#34;: [{&#34;extras&#34;: [], &#34;result&#34;: &#34;Passed&#34;, &#34;testId&#34;: &#34;tests/test_doc_example.py::test_my_app_bench[B-2]&#34;, &#34;duration&#34;: &#34;1 ms&#34;, &#34;resultsTableRow&#34;: [&#34;&lt;td class=\&#34;col-result\&#34;&gt;Passed&lt;/td&gt;&#34;, &#34;&lt;td class=\&#34;col-testId\&#34;&gt;tests/test_doc_example.py::test_my_app_bench[B-2]&lt;/td&gt;&#34;, &#34;&lt;td class=\&#34;col-duration\&#34;&gt;1 ms&lt;/td&gt;&#34;, &#34;&lt;td class=\&#34;col-links\&#34;&gt;&lt;/td&gt;&#34;], &#34;log&#34;: &#34;No log output captured.&#34;}], &#34;tests/test_doc_example.py::test_my_app_bench[C-1]&#34;: [{&#34;extras&#34;: [], &#34;result&#34;: &#34;Passed&#34;, &#34;testId&#34;: &#34;tests/test_doc_example.py::test_my_app_bench[C-1]&#34;, &#34;duration&#34;: &#34;1 ms&#34;, &#34;resultsTableRow&#34;: [&#34;&lt;td class=\&#34;col-result\&#34;&gt;Passed&lt;/td&gt;&#34;, &#34;&lt;td class=\&#34;col-testId\&#34;&gt;tests/test_doc_example.py::test_my_app_bench[C-1]&lt;/td&gt;&#34;, &#34;&lt;td class=\&#34;col-duration\&#34;&gt;1 ms&lt;/td&gt;&#34;, &#34;&lt;td class=\&#34;col-links\&#34;&gt;&lt;/td&gt;&#34;], &#34;log&#34;: &#34;No log output captured.&#34;}], &#34;tests/test_doc_example.py::test_my_app_bench[C-2]&#34;: [{&#34;extras&#34;: [], &#34;result&#34;: &#34;Passed&#34;, &#34;testId&#34;: &#34;tests/test_doc_example.py::test_my_app_bench[C-2]&#34;, &#34;duration&#34;: &#34;1 ms&#34;, &#34;resultsTableRow&#34;: [&#34;&lt;td class=\&#34;col-result\&#34;&gt;Passed&lt;/td&gt;&#34;, &#34;&lt;td class=\&#34;col-testId\&#34;&gt;tests/test_doc_example.py::test_my_app_bench[C-2]&lt;/td&gt;&#34;, &#34;&lt;td class=\&#34;col-duration\&#34;&gt;1 ms&lt;/td&gt;&#34;, &#34;&lt;td class=\&#34;col-links\&#34;&gt;&lt;/td&gt;&#34;], &#34;log&#34;: &#34;No log output captured.&#34;}], &#34;tests/test_doc_example.py::test_basic&#34;: [{&#34;extras&#34;: [], &#34;result&#34;: &#34;Passed&#34;, &#34;testId&#34;: &#34;tests/test_doc_example.py::test_basic&#34;, &#34;duration&#34;: &#34;0 ms&#34;, &#34;resultsTableRow&#34;: [&#34;&lt;td class=\&#34;col-result\&#34;&gt;Passed&lt;/td&gt;&#34;, &#34;&lt;td class=\&#34;col-testId\&#34;&gt;tests/test_doc_example.py::test_basic&lt;/td&gt;&#34;, &#34;&lt;td class=\&#34;col-duration\&#34;&gt;0 ms&lt;/td&gt;&#34;, &#34;&lt;td class=\&#34;col-links\&#34;&gt;&lt;/td&gt;&#34;], &#34;log&#34;: &#34;No log output captured.&#34;}], &#34;tests/test_doc_example.py::test_synthesis&#34;: [{&#34;extras&#34;: [], &#34;result&#34;: &#34;Passed&#34;, &#34;testId&#34;: &#34;tests/test_doc_example.py::test_synthesis&#34;, &#34;duration&#34;: &#34;4 ms&#34;, &#34;resultsTableRow&#34;: [&#34;&lt;td class=\&#34;col-result\&#34;&gt;Passed&lt;/td&gt;&#34;, &#34;&lt;td class=\&#34;col-testId\&#34;&gt;tests/test_doc_example.py::test_synthesis&lt;/td&gt;&#34;, &#34;&lt;td class=\&#34;col-duration\&#34;&gt;4 ms&lt;/td&gt;&#34;, &#34;&lt;td class=\&#34;col-links\&#34;&gt;&lt;/td&gt;&#34;], &#34;log&#34;: &#34;----------------------------- Captured stdout call -----------------------------\ntest_id                 pytest_obj                                      status      duration_ms    algo_param  dataset_param      accuracy  dataset\n----------------------  ----------------------------------------------  --------  -------------  ------------  ---------------  ----------  -------------\ntest_my_app_bench[A-1]  &amp;lt;function test_my_app_bench at 0x7fc586df6660&amp;gt;  passed         0.177292             1  A                  0.166047  my dataset #A\ntest_my_app_bench[A-2]  &amp;lt;function test_my_app_bench at 0x7fc586df6660&amp;gt;  passed         0.18193              2  A                  0.713372  my dataset #A\ntest_my_app_bench[B-1]  &amp;lt;function test_my_app_bench at 0x7fc586df6660&amp;gt;  passed         0.16546              1  B                  0.368178  my dataset #B\ntest_my_app_bench[B-2]  &amp;lt;function test_my_app_bench at 0x7fc586df6660&amp;gt;  passed         0.163346             2  B                  0.421226  my dataset #B\ntest_my_app_bench[C-1]  &amp;lt;function test_my_app_bench at 0x7fc586df6660&amp;gt;  passed         0.199383             1  C                  0.217662  my dataset #C\ntest_my_app_bench[C-2]  &amp;lt;function test_my_app_bench at 0x7fc586df6660&amp;gt;  passed         0.167604             2  C                  0.671343  my dataset #C\ntest_basic              &amp;lt;function test_basic at 0x7fc586df67a0&amp;gt;         passed         0.157034           nan  nan              nan         nan\n&#34;}], &#34;tests/test_doc_example_custom.py::test_my_app_bench[A-1]&#34;: [{&#34;extras&#34;: [], &#34;result&#34;: &#34;Passed&#34;, &#34;testId&#34;: &#34;tests/test_doc_example_custom.py::test_my_app_bench[A-1]&#34;, &#34;duration&#34;: &#34;1 ms&#34;, &#34;resultsTableRow&#34;: [&#34;&lt;td class=\&#34;col-result\&#34;&gt;Passed&lt;/td&gt;&#34;, &#34;&lt;td class=\&#34;col-testId\&#34;&gt;tests/test_doc_example_custom.py::test_my_app_bench[A-1]&lt;/td&gt;&#34;, &#34;&lt;td class=\&#34;col-duration\&#34;&gt;1 ms&lt;/td&gt;&#34;, &#34;&lt;td class=\&#34;col-links\&#34;&gt;&lt;/td&gt;&#34;], &#34;log&#34;: &#34;No log output captured.&#34;}], &#34;tests/test_doc_example_custom.py::test_my_app_bench[A-2]&#34;: [{&#34;extras&#34;: [], &#34;result&#34;: &#34;Passed&#34;, &#34;testId&#34;: &#34;tests/test_doc_example_custom.py::test_my_app_bench[A-2]&#34;, &#34;duration&#34;: &#34;1 ms&#34;, &#34;resultsTableRow&#34;: [&#34;&lt;td class=\&#34;col-result\&#34;&gt;Passed&lt;/td&gt;&#34;, &#34;&lt;td class=\&#34;col-testId\&#34;&gt;tests/test_doc_example_custom.py::test_my_app_bench[A-2]&lt;/td&gt;&#34;, &#34;&lt;td class=\&#34;col-duration\&#34;&gt;1 ms&lt;/td&gt;&#34;, &#34;&lt;td class=\&#34;col-links\&#34;&gt;&lt;/td&gt;&#34;], &#34;log&#34;: &#34;No log output captured.&#34;}], &#34;tests/test_doc_example_custom.py::test_my_app_bench[B-1]&#34;: [{&#34;extras&#34;: [], &#34;result&#34;: &#34;Passed&#34;, &#34;testId&#34;: &#34;tests/test_doc_example_custom.py::test_my_app_bench[B-1]&#34;, &#34;duration&#34;: &#34;1 ms&#34;, &#34;resultsTableRow&#34;: [&#34;&lt;td class=\&#34;col-result\&#34;&gt;Passed&lt;/td&gt;&#34;, &#34;&lt;td class=\&#34;col-testId\&#34;&gt;tests/test_doc_example_custom.py::test_my_app_bench[B-1]&lt;/td&gt;&#34;, &#34;&lt;td class=\&#34;col-duration\&#34;&gt;1 ms&lt;/td&gt;&#34;, &#34;&lt;td class=\&#34;col-links\&#34;&gt;&lt;/td&gt;&#34;], &#34;log&#34;: &#34;No log output captured.&#34;}], &#34;tests/test_doc_example_custom.py::test_my_app_bench[B-2]&#34;: [{&#34;extras&#34;: [], &#34;result&#34;: &#34;Passed&#34;, &#34;testId&#34;: &#34;tests/test_doc_example_custom.py::test_my_app_bench[B-2]&#34;, &#34;duration&#34;: &#34;1 ms&#34;, &#34;resultsTableRow&#34;: [&#34;&lt;td class=\&#34;col-result\&#34;&gt;Passed&lt;/td&gt;&#34;, &#34;&lt;td class=\&#34;col-testId\&#34;&gt;tests/test_doc_example_custom.py::test_my_app_bench[B-2]&lt;/td&gt;&#34;, &#34;&lt;td class=\&#34;col-duration\&#34;&gt;1 ms&lt;/td&gt;&#34;, &#34;&lt;td class=\&#34;col-links\&#34;&gt;&lt;/td&gt;&#34;], &#34;log&#34;: &#34;No log output captured.&#34;}], &#34;tests/test_doc_example_custom.py::test_my_app_bench[C-1]&#34;: [{&#34;extras&#34;: [], &#34;result&#34;: &#34;Passed&#34;, &#34;testId&#34;: &#34;tests/test_doc_example_custom.py::test_my_app_bench[C-1]&#34;, &#34;duration&#34;: &#34;1 ms&#34;, &#34;resultsTableRow&#34;: [&#34;&lt;td class=\&#34;col-result\&#34;&gt;Passed&lt;/td&gt;&#34;, &#34;&lt;td class=\&#34;col-testId\&#34;&gt;tests/test_doc_example_custom.py::test_my_app_bench[C-1]&lt;/td&gt;&#34;, &#34;&lt;td class=\&#34;col-duration\&#34;&gt;1 ms&lt;/td&gt;&#34;, &#34;&lt;td class=\&#34;col-links\&#34;&gt;&lt;/td&gt;&#34;], &#34;log&#34;: &#34;No log output captured.&#34;}], &#34;tests/test_doc_example_custom.py::test_my_app_bench[C-2]&#34;: [{&#34;extras&#34;: [], &#34;result&#34;: &#34;Passed&#34;, &#34;testId&#34;: &#34;tests/test_doc_example_custom.py::test_my_app_bench[C-2]&#34;, &#34;duration&#34;: &#34;1 ms&#34;, &#34;resultsTableRow&#34;: [&#34;&lt;td class=\&#34;col-result\&#34;&gt;Passed&lt;/td&gt;&#34;, &#34;&lt;td class=\&#34;col-testId\&#34;&gt;tests/test_doc_example_custom.py::test_my_app_bench[C-2]&lt;/td&gt;&#34;, &#34;&lt;td class=\&#34;col-duration\&#34;&gt;1 ms&lt;/td&gt;&#34;, &#34;&lt;td class=\&#34;col-links\&#34;&gt;&lt;/td&gt;&#34;], &#34;log&#34;: &#34;No log output captured.&#34;}], &#34;tests/test_doc_example_custom.py::test_basic&#34;: [{&#34;extras&#34;: [], &#34;result&#34;: &#34;Passed&#34;, &#34;testId&#34;: &#34;tests/test_doc_example_custom.py::test_basic&#34;, &#34;duration&#34;: &#34;1 ms&#34;, &#34;resultsTableRow&#34;: [&#34;&lt;td class=\&#34;col-result\&#34;&gt;Passed&lt;/td&gt;&#34;, &#34;&lt;td class=\&#34;col-testId\&#34;&gt;tests/test_doc_example_custom.py::test_basic&lt;/td&gt;&#34;, &#34;&lt;td class=\&#34;col-duration\&#34;&gt;1 ms&lt;/td&gt;&#34;, &#34;&lt;td class=\&#34;col-links\&#34;&gt;&lt;/td&gt;&#34;], &#34;log&#34;: &#34;No log output captured.&#34;}], &#34;tests/test_doc_example_custom.py::test_synthesis&#34;: [{&#34;extras&#34;: [], &#34;result&#34;: &#34;Passed&#34;, &#34;testId&#34;: &#34;tests/test_doc_example_custom.py::test_synthesis&#34;, &#34;duration&#34;: &#34;4 ms&#34;, &#34;resultsTableRow&#34;: [&#34;&lt;td class=\&#34;col-result\&#34;&gt;Passed&lt;/td&gt;&#34;, &#34;&lt;td class=\&#34;col-testId\&#34;&gt;tests/test_doc_example_custom.py::test_synthesis&lt;/td&gt;&#34;, &#34;&lt;td class=\&#34;col-duration\&#34;&gt;4 ms&lt;/td&gt;&#34;, &#34;&lt;td class=\&#34;col-links\&#34;&gt;&lt;/td&gt;&#34;], &#34;log&#34;: &#34;----------------------------- Captured stdout call -----------------------------\n\nKeys:\ntest_my_app_bench[A-1]\ntest_my_app_bench[A-2]\ntest_my_app_bench[B-1]\ntest_my_app_bench[B-2]\ntest_my_app_bench[C-1]\ntest_my_app_bench[C-2]\ntest_basic\n\nFirst node:\n&amp;#x27;pytest_obj&amp;#x27;: &amp;lt;function test_my_app_bench at 0x7fc57894f420&amp;gt;\n&amp;#x27;status&amp;#x27;: &amp;#x27;passed&amp;#x27;\n&amp;#x27;duration_ms&amp;#x27;: 0.17081999999390973\n&amp;#x27;algo_param&amp;#x27;: 1\n&amp;#x27;dataset_param&amp;#x27;: &amp;#x27;A&amp;#x27;\n&amp;#x27;dataset&amp;#x27;: &amp;#x27;my dataset #A&amp;#x27;\n&amp;#x27;accuracy&amp;#x27;: 0.9195076832938285\ntest_id                 status      duration_ms    algo_param  dataset_param    dataset          accuracy\n----------------------  --------  -------------  ------------  ---------------  -------------  ----------\ntest_my_app_bench[A-1]  passed         0.17082              1  A                my dataset #A    0.919508\ntest_my_app_bench[A-2]  passed         0.167704             2  A                my dataset #A    0.411784\ntest_my_app_bench[B-1]  passed         0.168195             1  B                my dataset #B    0.355407\ntest_my_app_bench[B-2]  passed         0.20301              2  B                my dataset #B    0.454484\ntest_my_app_bench[C-1]  passed         0.167554             1  C                my dataset #C    0.485884\ntest_my_app_bench[C-2]  passed         0.164518             2  C                my dataset #C    0.850348\ntest_basic              passed         0.158046           nan  nan              nan            nan\n&#34;}], &#34;tests/test_issue_45.py::test_a[a::0]&#34;: [{&#34;extras&#34;: [], &#34;result&#34;: &#34;Passed&#34;, &#34;testId&#34;: &#34;tests/test_issue_45.py::test_a[a::0]&#34;, &#34;duration&#34;: &#34;1 ms&#34;, &#34;resultsTableRow&#34;: [&#34;&lt;td class=\&#34;col-result\&#34;&gt;Passed&lt;/td&gt;&#34;, &#34;&lt;td class=\&#34;col-testId\&#34;&gt;tests/test_issue_45.py::test_a[a::0]&lt;/td&gt;&#34;, &#34;&lt;td class=\&#34;col-duration\&#34;&gt;1 ms&lt;/td&gt;&#34;, &#34;&lt;td class=\&#34;col-links\&#34;&gt;&lt;/td&gt;&#34;], &#34;log&#34;: &#34;No log output captured.&#34;}], &#34;tests/test_issue_45.py::test_b&#34;: [{&#34;extras&#34;: [], &#34;result&#34;: &#34;Passed&#34;, &#34;testId&#34;: &#34;tests/test_issue_45.py::test_b&#34;, &#34;duration&#34;: &#34;1 ms&#34;, &#34;resultsTableRow&#34;: [&#34;&lt;td class=\&#34;col-result\&#34;&gt;Passed&lt;/td&gt;&#34;, &#34;&lt;td class=\&#34;col-testId\&#34;&gt;tests/test_issue_45.py::test_b&lt;/td&gt;&#34;, &#34;&lt;td class=\&#34;col-duration\&#34;&gt;1 ms&lt;/td&gt;&#34;, &#34;&lt;td class=\&#34;col-links\&#34;&gt;&lt;/td&gt;&#34;], &#34;log&#34;: &#34;No log output captured.&#34;}], &#34;tests/test_issue_45.py::TestC::test_c&#34;: [{&#34;extras&#34;: [], &#34;result&#34;: &#34;Passed&#34;, &#34;testId&#34;: &#34;tests/test_issue_45.py::TestC::test_c&#34;, &#34;duration&#34;: &#34;1 ms&#34;, &#34;resultsTableRow&#34;: [&#34;&lt;td class=\&#34;col-result\&#34;&gt;Passed&lt;/td&gt;&#34;, &#34;&lt;td class=\&#34;col-testId\&#34;&gt;tests/test_issue_45.py::TestC::test_c&lt;/td&gt;&#34;, &#34;&lt;td class=\&#34;col-duration\&#34;&gt;1 ms&lt;/td&gt;&#34;, &#34;&lt;td class=\&#34;col-links\&#34;&gt;&lt;/td&gt;&#34;], &#34;log&#34;: &#34;No log output captured.&#34;}], &#34;tests/test_issue_45.py::TestC::test_d[a::0]&#34;: [{&#34;extras&#34;: [], &#34;result&#34;: &#34;Passed&#34;, &#34;testId&#34;: &#34;tests/test_issue_45.py::TestC::test_d[a::0]&#34;, &#34;duration&#34;: &#34;1 ms&#34;, &#34;resultsTableRow&#34;: [&#34;&lt;td class=\&#34;col-result\&#34;&gt;Passed&lt;/td&gt;&#34;, &#34;&lt;td class=\&#34;col-testId\&#34;&gt;tests/test_issue_45.py::TestC::test_d[a::0]&lt;/td&gt;&#34;, &#34;&lt;td class=\&#34;col-duration\&#34;&gt;1 ms&lt;/td&gt;&#34;, &#34;&lt;td class=\&#34;col-links\&#34;&gt;&lt;/td&gt;&#34;], &#34;log&#34;: &#34;No log output captured.&#34;}], &#34;tests/test_issue_45.py::test_synthesis&#34;: [{&#34;extras&#34;: [], &#34;result&#34;: &#34;Passed&#34;, &#34;testId&#34;: &#34;tests/test_issue_45.py::test_synthesis&#34;, &#34;duration&#34;: &#34;1 ms&#34;, &#34;resultsTableRow&#34;: [&#34;&lt;td class=\&#34;col-result\&#34;&gt;Passed&lt;/td&gt;&#34;, &#34;&lt;td class=\&#34;col-testId\&#34;&gt;tests/test_issue_45.py::test_synthesis&lt;/td&gt;&#34;, &#34;&lt;td class=\&#34;col-duration\&#34;&gt;1 ms&lt;/td&gt;&#34;, &#34;&lt;td class=\&#34;col-links\&#34;&gt;&lt;/td&gt;&#34;], &#34;log&#34;: &#34;No log output captured.&#34;}], &#34;tests/test_lazy_and_harvest.py::test_foo[foo]&#34;: [{&#34;extras&#34;: [], &#34;result&#34;: &#34;Passed&#34;, &#34;testId&#34;: &#34;tests/test_lazy_and_harvest.py::test_foo[foo]&#34;, &#34;duration&#34;: &#34;1 ms&#34;, &#34;resultsTableRow&#34;: [&#34;&lt;td class=\&#34;col-result\&#34;&gt;Passed&lt;/td&gt;&#34;, &#34;&lt;td class=\&#34;col-testId\&#34;&gt;tests/test_lazy_and_harvest.py::test_foo[foo]&lt;/td&gt;&#34;, &#34;&lt;td class=\&#34;col-duration\&#34;&gt;1 ms&lt;/td&gt;&#34;, &#34;&lt;td class=\&#34;col-links\&#34;&gt;&lt;/td&gt;&#34;], &#34;log&#34;: &#34;No log output captured.&#34;}], &#34;tests/test_lazy_and_harvest.py::test_foo2[foo]&#34;: [{&#34;extras&#34;: [], &#34;result&#34;: &#34;Passed&#34;, &#34;testId&#34;: &#34;tests/test_lazy_and_harvest.py::test_foo2[foo]&#34;, &#34;duration&#34;: &#34;1 ms&#34;, &#34;resultsTableRow&#34;: [&#34;&lt;td class=\&#34;col-result\&#34;&gt;Passed&lt;/td&gt;&#34;, &#34;&lt;td class=\&#34;col-testId\&#34;&gt;tests/test_lazy_and_harvest.py::test_foo2[foo]&lt;/td&gt;&#34;, &#34;&lt;td class=\&#34;col-duration\&#34;&gt;1 ms&lt;/td&gt;&#34;, &#34;&lt;td class=\&#34;col-links\&#34;&gt;&lt;/td&gt;&#34;], &#34;log&#34;: &#34;No log output captured.&#34;}], &#34;tests/test_lazy_and_harvest.py::test_foo3[foo]&#34;: [{&#34;extras&#34;: [], &#34;result&#34;: &#34;Passed&#34;, &#34;testId&#34;: &#34;tests/test_lazy_and_harvest.py::test_foo3[foo]&#34;, &#34;duration&#34;: &#34;1 ms&#34;, &#34;resultsTableRow&#34;: [&#34;&lt;td class=\&#34;col-result\&#34;&gt;Passed&lt;/td&gt;&#34;, &#34;&lt;td class=\&#34;col-testId\&#34;&gt;tests/test_lazy_and_harvest.py::test_foo3[foo]&lt;/td&gt;&#34;, &#34;&lt;td class=\&#34;col-duration\&#34;&gt;1 ms&lt;/td&gt;&#34;, &#34;&lt;td class=\&#34;col-links\&#34;&gt;&lt;/td&gt;&#34;], &#34;log&#34;: &#34;No log output captured.&#34;}], &#34;tests/test_lazy_and_harvest.py::test_foo3[b]&#34;: [{&#34;extras&#34;: [], &#34;result&#34;: &#34;Passed&#34;, &#34;testId&#34;: &#34;tests/test_lazy_and_harvest.py::test_foo3[b]&#34;, &#34;duration&#34;: &#34;1 ms&#34;, &#34;resultsTableRow&#34;: [&#34;&lt;td class=\&#34;col-result\&#34;&gt;Passed&lt;/td&gt;&#34;, &#34;&lt;td class=\&#34;col-testId\&#34;&gt;tests/test_lazy_and_harvest.py::test_foo3[b]&lt;/td&gt;&#34;, &#34;&lt;td class=\&#34;col-duration\&#34;&gt;1 ms&lt;/td&gt;&#34;, &#34;&lt;td class=\&#34;col-links\&#34;&gt;&lt;/td&gt;&#34;], &#34;log&#34;: &#34;No log output captured.&#34;}], &#34;tests/test_lazy_and_harvest.py::test_synthesis&#34;: [{&#34;extras&#34;: [], &#34;result&#34;: &#34;Passed&#34;, &#34;testId&#34;: &#34;tests/test_lazy_and_harvest.py::test_synthesis&#34;, &#34;duration&#34;: &#34;3 ms&#34;, &#34;resultsTableRow&#34;: [&#34;&lt;td class=\&#34;col-result\&#34;&gt;Passed&lt;/td&gt;&#34;, &#34;&lt;td class=\&#34;col-testId\&#34;&gt;tests/test_lazy_and_harvest.py::test_synthesis&lt;/td&gt;&#34;, &#34;&lt;td class=\&#34;col-duration\&#34;&gt;3 ms&lt;/td&gt;&#34;, &#34;&lt;td class=\&#34;col-links\&#34;&gt;&lt;/td&gt;&#34;], &#34;log&#34;: &#34;No log output captured.&#34;}], &#34;tests/test_results_bag_basic.py::test_results_bag_basic&#34;: [{&#34;extras&#34;: [], &#34;result&#34;: &#34;Passed&#34;, &#34;testId&#34;: &#34;tests/test_results_bag_basic.py::test_results_bag_basic&#34;, &#34;duration&#34;: &#34;1 ms&#34;, &#34;resultsTableRow&#34;: [&#34;&lt;td class=\&#34;col-result\&#34;&gt;Passed&lt;/td&gt;&#34;, &#34;&lt;td class=\&#34;col-testId\&#34;&gt;tests/test_results_bag_basic.py::test_results_bag_basic&lt;/td&gt;&#34;, &#34;&lt;td class=\&#34;col-duration\&#34;&gt;1 ms&lt;/td&gt;&#34;, &#34;&lt;td class=\&#34;col-links\&#34;&gt;&lt;/td&gt;&#34;], &#34;log&#34;: &#34;No log output captured.&#34;}], &#34;tests/test_unicode_literals.py::test_filterset&#34;: [{&#34;extras&#34;: [], &#34;result&#34;: &#34;Passed&#34;, &#34;testId&#34;: &#34;tests/test_unicode_literals.py::test_filterset&#34;, &#34;duration&#34;: &#34;1 ms&#34;, &#34;resultsTableRow&#34;: [&#34;&lt;td class=\&#34;col-result\&#34;&gt;Passed&lt;/td&gt;&#34;, &#34;&lt;td class=\&#34;col-testId\&#34;&gt;tests/test_unicode_literals.py::test_filterset&lt;/td&gt;&#34;, &#34;&lt;td class=\&#34;col-duration\&#34;&gt;1 ms&lt;/td&gt;&#34;, &#34;&lt;td class=\&#34;col-links\&#34;&gt;&lt;/td&gt;&#34;], &#34;log&#34;: &#34;No log output captured.&#34;}]}, &#34;renderCollapsed&#34;: [&#34;passed&#34;], &#34;initialSort&#34;: &#34;result&#34;, &#34;title&#34;: &#34;report.html&#34;}"></div>
    <script>
      (function(){function r(e,n,t){function o(i,f){if(!n[i]){if(!e[i]){var c="function"==typeof require&&require;if(!f&&c)return c(i,!0);if(u)return u(i,!0);var a=new Error("Cannot find module '"+i+"'");throw a.code="MODULE_NOT_FOUND",a}var p=n[i]={exports:{}};e[i][0].call(p.exports,function(r){var n=e[i][1][r];return o(n||r)},p,p.exports,r,e,n,t)}return n[i].exports}for(var u="function"==typeof require&&require,i=0;i<t.length;i++)o(t[i]);return o}return r})()({1:[function(require,module,exports){
const { getCollapsedCategory, setCollapsedIds } = require('./storage.js')

class DataManager {
    setManager(data) {
        const collapsedCategories = [...getCollapsedCategory(data.renderCollapsed)]
        const collapsedIds = []
        const tests = Object.values(data.tests).flat().map((test, index) => {
            const collapsed = collapsedCategories.includes(test.result.toLowerCase())
            const id = `test_${index}`
            if (collapsed) {
                collapsedIds.push(id)
            }
            return {
                ...test,
                id,
                collapsed,
            }
        })
        const dataBlob = { ...data, tests }
        this.data = { ...dataBlob }
        this.renderData = { ...dataBlob }
        setCollapsedIds(collapsedIds)
    }

    get allData() {
        return { ...this.data }
    }

    resetRender() {
        this.renderData = { ...this.data }
    }

    setRender(data) {
        this.renderData.tests = [...data]
    }

    toggleCollapsedItem(id) {
        this.renderData.tests = this.renderData.tests.map((test) =>
            test.id === id ? { ...test, collapsed: !test.collapsed } : test,
        )
    }

    set allCollapsed(collapsed) {
        this.renderData = { ...this.renderData, tests: [...this.renderData.tests.map((test) => (
            { ...test, collapsed }
        ))] }
    }

    get testSubset() {
        return [...this.renderData.tests]
    }

    get environment() {
        return this.renderData.environment
    }

    get initialSort() {
        return this.data.initialSort
    }
}

module.exports = {
    manager: new DataManager(),
}

},{"./storage.js":8}],2:[function(require,module,exports){
const mediaViewer = require('./mediaviewer.js')
const templateEnvRow = document.getElementById('template_environment_row')
const templateResult = document.getElementById('template_results-table__tbody')

function htmlToElements(html) {
    const temp = document.createElement('template')
    temp.innerHTML = html
    return temp.content.childNodes
}

const find = (selector, elem) => {
    if (!elem) {
        elem = document
    }
    return elem.querySelector(selector)
}

const findAll = (selector, elem) => {
    if (!elem) {
        elem = document
    }
    return [...elem.querySelectorAll(selector)]
}

const dom = {
    getStaticRow: (key, value) => {
        const envRow = templateEnvRow.content.cloneNode(true)
        const isObj = typeof value === 'object' && value !== null
        const values = isObj ? Object.keys(value).map((k) => `${k}: ${value[k]}`) : null

        const valuesElement = htmlToElements(
            values ? `<ul>${values.map((val) => `<li>${val}</li>`).join('')}<ul>` : `<div>${value}</div>`)[0]
        const td = findAll('td', envRow)
        td[0].textContent = key
        td[1].appendChild(valuesElement)

        return envRow
    },
    getResultTBody: ({ testId, id, log, extras, resultsTableRow, tableHtml, result, collapsed }) => {
        const resultBody = templateResult.content.cloneNode(true)
        resultBody.querySelector('tbody').classList.add(result.toLowerCase())
        resultBody.querySelector('tbody').id = testId
        resultBody.querySelector('.collapsible').dataset.id = id

        resultsTableRow.forEach((html) => {
            const t = document.createElement('template')
            t.innerHTML = html
            resultBody.querySelector('.collapsible').appendChild(t.content)
        })

        if (log) {
            // Wrap lines starting with "E" with span.error to color those lines red
            const wrappedLog = log.replace(/^E.*$/gm, (match) => `<span class="error">${match}</span>`)
            resultBody.querySelector('.log').innerHTML = wrappedLog
        } else {
            resultBody.querySelector('.log').remove()
        }

        if (collapsed) {
            resultBody.querySelector('.collapsible > td')?.classList.add('collapsed')
            resultBody.querySelector('.extras-row').classList.add('hidden')
        } else {
            resultBody.querySelector('.collapsible > td')?.classList.remove('collapsed')
        }

        const media = []
        extras?.forEach(({ name, format_type, content }) => {
            if (['image', 'video'].includes(format_type)) {
                media.push({ path: content, name, format_type })
            }

            if (format_type === 'html') {
                resultBody.querySelector('.extraHTML').insertAdjacentHTML('beforeend', `<div>${content}</div>`)
            }
        })
        mediaViewer.setup(resultBody, media)

        // Add custom html from the pytest_html_results_table_html hook
        tableHtml?.forEach((item) => {
            resultBody.querySelector('td[class="extra"]').insertAdjacentHTML('beforeend', item)
        })

        return resultBody
    },
}

module.exports = {
    dom,
    htmlToElements,
    find,
    findAll,
}

},{"./mediaviewer.js":6}],3:[function(require,module,exports){
const { manager } = require('./datamanager.js')
const { doSort } = require('./sort.js')
const storageModule = require('./storage.js')

const getFilteredSubSet = (filter) =>
    manager.allData.tests.filter(({ result }) => filter.includes(result.toLowerCase()))

const doInitFilter = () => {
    const currentFilter = storageModule.getVisible()
    const filteredSubset = getFilteredSubSet(currentFilter)
    manager.setRender(filteredSubset)
}

const doFilter = (type, show) => {
    if (show) {
        storageModule.showCategory(type)
    } else {
        storageModule.hideCategory(type)
    }

    const currentFilter = storageModule.getVisible()
    const filteredSubset = getFilteredSubSet(currentFilter)
    manager.setRender(filteredSubset)

    const sortColumn = storageModule.getSort()
    doSort(sortColumn, true)
}

module.exports = {
    doFilter,
    doInitFilter,
}

},{"./datamanager.js":1,"./sort.js":7,"./storage.js":8}],4:[function(require,module,exports){
const { redraw, bindEvents, renderStatic } = require('./main.js')
const { doInitFilter } = require('./filter.js')
const { doInitSort } = require('./sort.js')
const { manager } = require('./datamanager.js')
const data = JSON.parse(document.getElementById('data-container').dataset.jsonblob)

function init() {
    manager.setManager(data)
    doInitFilter()
    doInitSort()
    renderStatic()
    redraw()
    bindEvents()
}

init()

},{"./datamanager.js":1,"./filter.js":3,"./main.js":5,"./sort.js":7}],5:[function(require,module,exports){
const { dom, find, findAll } = require('./dom.js')
const { manager } = require('./datamanager.js')
const { doSort } = require('./sort.js')
const { doFilter } = require('./filter.js')
const {
    getVisible,
    getCollapsedIds,
    setCollapsedIds,
    getSort,
    getSortDirection,
    possibleFilters,
} = require('./storage.js')

const removeChildren = (node) => {
    while (node.firstChild) {
        node.removeChild(node.firstChild)
    }
}

const renderStatic = () => {
    const renderEnvironmentTable = () => {
        const environment = manager.environment
        const rows = Object.keys(environment).map((key) => dom.getStaticRow(key, environment[key]))
        const table = document.getElementById('environment')
        removeChildren(table)
        rows.forEach((row) => table.appendChild(row))
    }
    renderEnvironmentTable()
}

const addItemToggleListener = (elem) => {
    elem.addEventListener('click', ({ target }) => {
        const id = target.parentElement.dataset.id
        manager.toggleCollapsedItem(id)

        const collapsedIds = getCollapsedIds()
        if (collapsedIds.includes(id)) {
            const updated = collapsedIds.filter((item) => item !== id)
            setCollapsedIds(updated)
        } else {
            collapsedIds.push(id)
            setCollapsedIds(collapsedIds)
        }
        redraw()
    })
}

const renderContent = (tests) => {
    const sortAttr = getSort(manager.initialSort)
    const sortAsc = JSON.parse(getSortDirection())
    const rows = tests.map(dom.getResultTBody)
    const table = document.getElementById('results-table')
    const tableHeader = document.getElementById('results-table-head')

    const newTable = document.createElement('table')
    newTable.id = 'results-table'

    // remove all sorting classes and set the relevant
    findAll('.sortable', tableHeader).forEach((elem) => elem.classList.remove('asc', 'desc'))
    tableHeader.querySelector(`.sortable[data-column-type="${sortAttr}"]`)?.classList.add(sortAsc ? 'desc' : 'asc')
    newTable.appendChild(tableHeader)

    if (!rows.length) {
        const emptyTable = document.getElementById('template_results-table__body--empty').content.cloneNode(true)
        newTable.appendChild(emptyTable)
    } else {
        rows.forEach((row) => {
            if (!!row) {
                findAll('.collapsible td:not(.col-links', row).forEach(addItemToggleListener)
                find('.logexpander', row).addEventListener('click',
                    (evt) => evt.target.parentNode.classList.toggle('expanded'),
                )
                newTable.appendChild(row)
            }
        })
    }

    table.replaceWith(newTable)
}

const renderDerived = () => {
    const currentFilter = getVisible()
    possibleFilters.forEach((result) => {
        const input = document.querySelector(`input[data-test-result="${result}"]`)
        input.checked = currentFilter.includes(result)
    })
}

const bindEvents = () => {
    const filterColumn = (evt) => {
        const { target: element } = evt
        const { testResult } = element.dataset

        doFilter(testResult, element.checked)
        const collapsedIds = getCollapsedIds()
        const updated = manager.renderData.tests.map((test) => {
            return {
                ...test,
                collapsed: collapsedIds.includes(test.id),
            }
        })
        manager.setRender(updated)
        redraw()
    }

    const header = document.getElementById('environment-header')
    header.addEventListener('click', () => {
        const table = document.getElementById('environment')
        table.classList.toggle('hidden')
        header.classList.toggle('collapsed')
    })

    findAll('input[name="filter_checkbox"]').forEach((elem) => {
        elem.addEventListener('click', filterColumn)
    })

    findAll('.sortable').forEach((elem) => {
        elem.addEventListener('click', (evt) => {
            const { target: element } = evt
            const { columnType } = element.dataset
            doSort(columnType)
            redraw()
        })
    })

    document.getElementById('show_all_details').addEventListener('click', () => {
        manager.allCollapsed = false
        setCollapsedIds([])
        redraw()
    })
    document.getElementById('hide_all_details').addEventListener('click', () => {
        manager.allCollapsed = true
        const allIds = manager.renderData.tests.map((test) => test.id)
        setCollapsedIds(allIds)
        redraw()
    })
}

const redraw = () => {
    const { testSubset } = manager

    renderContent(testSubset)
    renderDerived()
}

module.exports = {
    redraw,
    bindEvents,
    renderStatic,
}

},{"./datamanager.js":1,"./dom.js":2,"./filter.js":3,"./sort.js":7,"./storage.js":8}],6:[function(require,module,exports){
class MediaViewer {
    constructor(assets) {
        this.assets = assets
        this.index = 0
    }

    nextActive() {
        this.index = this.index === this.assets.length - 1 ? 0 : this.index + 1
        return [this.activeFile, this.index]
    }

    prevActive() {
        this.index = this.index === 0 ? this.assets.length - 1 : this.index -1
        return [this.activeFile, this.index]
    }

    get currentIndex() {
        return this.index
    }

    get activeFile() {
        return this.assets[this.index]
    }
}


const setup = (resultBody, assets) => {
    if (!assets.length) {
        resultBody.querySelector('.media').classList.add('hidden')
        return
    }

    const mediaViewer = new MediaViewer(assets)
    const container = resultBody.querySelector('.media-container')
    const leftArrow = resultBody.querySelector('.media-container__nav--left')
    const rightArrow = resultBody.querySelector('.media-container__nav--right')
    const mediaName = resultBody.querySelector('.media__name')
    const counter = resultBody.querySelector('.media__counter')
    const imageEl = resultBody.querySelector('img')
    const sourceEl = resultBody.querySelector('source')
    const videoEl = resultBody.querySelector('video')

    const setImg = (media, index) => {
        if (media?.format_type === 'image') {
            imageEl.src = media.path

            imageEl.classList.remove('hidden')
            videoEl.classList.add('hidden')
        } else if (media?.format_type === 'video') {
            sourceEl.src = media.path

            videoEl.classList.remove('hidden')
            imageEl.classList.add('hidden')
        }

        mediaName.innerText = media?.name
        counter.innerText = `${index + 1} / ${assets.length}`
    }
    setImg(mediaViewer.activeFile, mediaViewer.currentIndex)

    const moveLeft = () => {
        const [media, index] = mediaViewer.prevActive()
        setImg(media, index)
    }
    const doRight = () => {
        const [media, index] = mediaViewer.nextActive()
        setImg(media, index)
    }
    const openImg = () => {
        window.open(mediaViewer.activeFile.path, '_blank')
    }
    if (assets.length === 1) {
        container.classList.add('media-container--fullscreen')
    } else {
        leftArrow.addEventListener('click', moveLeft)
        rightArrow.addEventListener('click', doRight)
    }
    imageEl.addEventListener('click', openImg)
}

module.exports = {
    setup,
}

},{}],7:[function(require,module,exports){
const { manager } = require('./datamanager.js')
const storageModule = require('./storage.js')

const genericSort = (list, key, ascending, customOrder) => {
    let sorted
    if (customOrder) {
        sorted = list.sort((a, b) => {
            const aValue = a.result.toLowerCase()
            const bValue = b.result.toLowerCase()

            const aIndex = customOrder.findIndex((item) => item.toLowerCase() === aValue)
            const bIndex = customOrder.findIndex((item) => item.toLowerCase() === bValue)

            // Compare the indices to determine the sort order
            return aIndex - bIndex
        })
    } else {
        sorted = list.sort((a, b) => a[key] === b[key] ? 0 : a[key] > b[key] ? 1 : -1)
    }

    if (ascending) {
        sorted.reverse()
    }
    return sorted
}

const durationSort = (list, ascending) => {
    const parseDuration = (duration) => {
        if (duration.includes(':')) {
            // If it's in the format "HH:mm:ss"
            const [hours, minutes, seconds] = duration.split(':').map(Number)
            return (hours * 3600 + minutes * 60 + seconds) * 1000
        } else {
            // If it's in the format "nnn ms"
            return parseInt(duration)
        }
    }
    const sorted = list.sort((a, b) => parseDuration(a['duration']) - parseDuration(b['duration']))
    if (ascending) {
        sorted.reverse()
    }
    return sorted
}

const doInitSort = () => {
    const type = storageModule.getSort(manager.initialSort)
    const ascending = storageModule.getSortDirection()
    const list = manager.testSubset
    const initialOrder = ['Error', 'Failed', 'Rerun', 'XFailed', 'XPassed', 'Skipped', 'Passed']

    storageModule.setSort(type)
    storageModule.setSortDirection(ascending)

    if (type?.toLowerCase() === 'original') {
        manager.setRender(list)
    } else {
        let sortedList
        switch (type) {
        case 'duration':
            sortedList = durationSort(list, ascending)
            break
        case 'result':
            sortedList = genericSort(list, type, ascending, initialOrder)
            break
        default:
            sortedList = genericSort(list, type, ascending)
            break
        }
        manager.setRender(sortedList)
    }
}

const doSort = (type, skipDirection) => {
    const newSortType = storageModule.getSort(manager.initialSort) !== type
    const currentAsc = storageModule.getSortDirection()
    let ascending
    if (skipDirection) {
        ascending = currentAsc
    } else {
        ascending = newSortType ? false : !currentAsc
    }
    storageModule.setSort(type)
    storageModule.setSortDirection(ascending)

    const list = manager.testSubset
    const sortedList = type === 'duration' ? durationSort(list, ascending) : genericSort(list, type, ascending)
    manager.setRender(sortedList)
}

module.exports = {
    doInitSort,
    doSort,
}

},{"./datamanager.js":1,"./storage.js":8}],8:[function(require,module,exports){
const possibleFilters = [
    'passed',
    'skipped',
    'failed',
    'error',
    'xfailed',
    'xpassed',
    'rerun',
]

const getVisible = () => {
    const url = new URL(window.location.href)
    const settings = new URLSearchParams(url.search).get('visible')
    const lower = (item) => {
        const lowerItem = item.toLowerCase()
        if (possibleFilters.includes(lowerItem)) {
            return lowerItem
        }
        return null
    }
    return settings === null ?
        possibleFilters :
        [...new Set(settings?.split(',').map(lower).filter((item) => item))]
}

const hideCategory = (categoryToHide) => {
    const url = new URL(window.location.href)
    const visibleParams = new URLSearchParams(url.search).get('visible')
    const currentVisible = visibleParams ? visibleParams.split(',') : [...possibleFilters]
    const settings = [...new Set(currentVisible)].filter((f) => f !== categoryToHide).join(',')

    url.searchParams.set('visible', settings)
    window.history.pushState({}, null, unescape(url.href))
}

const showCategory = (categoryToShow) => {
    if (typeof window === 'undefined') {
        return
    }
    const url = new URL(window.location.href)
    const currentVisible = new URLSearchParams(url.search).get('visible')?.split(',').filter(Boolean) ||
        [...possibleFilters]
    const settings = [...new Set([categoryToShow, ...currentVisible])]
    const noFilter = possibleFilters.length === settings.length || !settings.length

    noFilter ? url.searchParams.delete('visible') : url.searchParams.set('visible', settings.join(','))
    window.history.pushState({}, null, unescape(url.href))
}

const getSort = (initialSort) => {
    const url = new URL(window.location.href)
    let sort = new URLSearchParams(url.search).get('sort')
    if (!sort) {
        sort = initialSort || 'result'
    }
    return sort
}

const setSort = (type) => {
    const url = new URL(window.location.href)
    url.searchParams.set('sort', type)
    window.history.pushState({}, null, unescape(url.href))
}

const getCollapsedCategory = (renderCollapsed) => {
    let categories
    if (typeof window !== 'undefined') {
        const url = new URL(window.location.href)
        const collapsedItems = new URLSearchParams(url.search).get('collapsed')
        switch (true) {
        case !renderCollapsed && collapsedItems === null:
            categories = ['passed']
            break
        case collapsedItems?.length === 0 || /^["']{2}$/.test(collapsedItems):
            categories = []
            break
        case /^all$/.test(collapsedItems) || collapsedItems === null && /^all$/.test(renderCollapsed):
            categories = [...possibleFilters]
            break
        default:
            categories = collapsedItems?.split(',').map((item) => item.toLowerCase()) || renderCollapsed
            break
        }
    } else {
        categories = []
    }
    return categories
}

const getSortDirection = () => JSON.parse(sessionStorage.getItem('sortAsc')) || false
const setSortDirection = (ascending) => sessionStorage.setItem('sortAsc', ascending)

const getCollapsedIds = () => JSON.parse(sessionStorage.getItem('collapsedIds')) || []
const setCollapsedIds = (list) => sessionStorage.setItem('collapsedIds', JSON.stringify(list))

module.exports = {
    getVisible,
    hideCategory,
    showCategory,
    getCollapsedIds,
    setCollapsedIds,
    getSort,
    setSort,
    getSortDirection,
    setSortDirection,
    getCollapsedCategory,
    possibleFilters,
}

},{}]},{},[4]);
    </script>
  </footer>
</html>